** TwitterAuth initialized properly.
** TwitterAuth initialized properly.
/!\ FAILSAFE /!\  Sat Jun 12 20:29:47 +0100 2010
  Status: 500 Internal Server Error
  Unknown database 'iplayer-sync_development'
    /usr/local/lib/ruby/gems/1.8/gems/activerecord-2.3.8/lib/active_record/connection_adapters/mysql_adapter.rb:619:in `real_connect'
    /usr/local/lib/ruby/gems/1.8/gems/activerecord-2.3.8/lib/active_record/connection_adapters/mysql_adapter.rb:619:in `connect'
    /usr/local/lib/ruby/gems/1.8/gems/activerecord-2.3.8/lib/active_record/connection_adapters/mysql_adapter.rb:203:in `initialize'
    /usr/local/lib/ruby/gems/1.8/gems/activerecord-2.3.8/lib/active_record/connection_adapters/mysql_adapter.rb:75:in `new'
    /usr/local/lib/ruby/gems/1.8/gems/activerecord-2.3.8/lib/active_record/connection_adapters/mysql_adapter.rb:75:in `mysql_connection'
    /usr/local/lib/ruby/gems/1.8/gems/activerecord-2.3.8/lib/active_record/connection_adapters/abstract/connection_pool.rb:223:in `send'
    /usr/local/lib/ruby/gems/1.8/gems/activerecord-2.3.8/lib/active_record/connection_adapters/abstract/connection_pool.rb:223:in `new_connection'
    /usr/local/lib/ruby/gems/1.8/gems/activerecord-2.3.8/lib/active_record/connection_adapters/abstract/connection_pool.rb:245:in `checkout_new_connection'
    /usr/local/lib/ruby/gems/1.8/gems/activerecord-2.3.8/lib/active_record/connection_adapters/abstract/connection_pool.rb:188:in `checkout'
    /usr/local/lib/ruby/gems/1.8/gems/activerecord-2.3.8/lib/active_record/connection_adapters/abstract/connection_pool.rb:184:in `loop'
    /usr/local/lib/ruby/gems/1.8/gems/activerecord-2.3.8/lib/active_record/connection_adapters/abstract/connection_pool.rb:184:in `checkout'
    /usr/local/lib/ruby/1.8/monitor.rb:242:in `synchronize'
    /usr/local/lib/ruby/gems/1.8/gems/activerecord-2.3.8/lib/active_record/connection_adapters/abstract/connection_pool.rb:183:in `checkout'
    /usr/local/lib/ruby/gems/1.8/gems/activerecord-2.3.8/lib/active_record/connection_adapters/abstract/connection_pool.rb:98:in `connection'
    /usr/local/lib/ruby/gems/1.8/gems/activerecord-2.3.8/lib/active_record/connection_adapters/abstract/connection_pool.rb:326:in `retrieve_connection'
    /usr/local/lib/ruby/gems/1.8/gems/activerecord-2.3.8/lib/active_record/connection_adapters/abstract/connection_specification.rb:123:in `retrieve_connection'
    /usr/local/lib/ruby/gems/1.8/gems/activerecord-2.3.8/lib/active_record/connection_adapters/abstract/connection_specification.rb:115:in `connection'
    /usr/local/lib/ruby/gems/1.8/gems/activerecord-2.3.8/lib/active_record/query_cache.rb:9:in `cache'
    /usr/local/lib/ruby/gems/1.8/gems/activerecord-2.3.8/lib/active_record/query_cache.rb:28:in `call'
    /usr/local/lib/ruby/gems/1.8/gems/activerecord-2.3.8/lib/active_record/connection_adapters/abstract/connection_pool.rb:361:in `call'
    /usr/local/lib/ruby/gems/1.8/gems/actionpack-2.3.8/lib/action_controller/string_coercion.rb:25:in `call'
    /usr/local/lib/ruby/gems/1.8/gems/rack-1.1.0/lib/rack/head.rb:9:in `call'
    /usr/local/lib/ruby/gems/1.8/gems/rack-1.1.0/lib/rack/methodoverride.rb:24:in `call'
    /usr/local/lib/ruby/gems/1.8/gems/actionpack-2.3.8/lib/action_controller/params_parser.rb:15:in `call'
    /usr/local/lib/ruby/gems/1.8/gems/actionpack-2.3.8/lib/action_controller/session/cookie_store.rb:99:in `call'
    /usr/local/lib/ruby/gems/1.8/gems/actionpack-2.3.8/lib/action_controller/failsafe.rb:26:in `call'
    /usr/local/lib/ruby/gems/1.8/gems/rack-1.1.0/lib/rack/lock.rb:11:in `call'
    /usr/local/lib/ruby/gems/1.8/gems/rack-1.1.0/lib/rack/lock.rb:11:in `synchronize'
    /usr/local/lib/ruby/gems/1.8/gems/rack-1.1.0/lib/rack/lock.rb:11:in `call'
    /usr/local/lib/ruby/gems/1.8/gems/actionpack-2.3.8/lib/action_controller/dispatcher.rb:114:in `call'
    /usr/local/lib/ruby/gems/1.8/gems/actionpack-2.3.8/lib/action_controller/reloader.rb:34:in `run'
    /usr/local/lib/ruby/gems/1.8/gems/actionpack-2.3.8/lib/action_controller/dispatcher.rb:108:in `call'
    /usr/local/lib/ruby/gems/1.8/gems/rails-2.3.8/lib/rails/rack/static.rb:31:in `call'
    /usr/local/lib/ruby/gems/1.8/gems/rack-1.1.0/lib/rack/urlmap.rb:47:in `call'
    /usr/local/lib/ruby/gems/1.8/gems/rack-1.1.0/lib/rack/urlmap.rb:41:in `each'
    /usr/local/lib/ruby/gems/1.8/gems/rack-1.1.0/lib/rack/urlmap.rb:41:in `call'
    /usr/local/lib/ruby/gems/1.8/gems/rails-2.3.8/lib/rails/rack/log_tailer.rb:17:in `call'
    /usr/local/lib/ruby/gems/1.8/gems/rack-1.1.0/lib/rack/content_length.rb:13:in `call'
    /usr/local/lib/ruby/gems/1.8/gems/rack-1.1.0/lib/rack/chunked.rb:15:in `call'
    /usr/local/lib/ruby/gems/1.8/gems/rack-1.1.0/lib/rack/handler/mongrel.rb:67:in `process'
    /usr/local/lib/ruby/gems/1.8/gems/mongrel-1.1.5/lib/mongrel.rb:159:in `process_client'
    /usr/local/lib/ruby/gems/1.8/gems/mongrel-1.1.5/lib/mongrel.rb:158:in `each'
    /usr/local/lib/ruby/gems/1.8/gems/mongrel-1.1.5/lib/mongrel.rb:158:in `process_client'
    /usr/local/lib/ruby/gems/1.8/gems/mongrel-1.1.5/lib/mongrel.rb:285:in `run'
    /usr/local/lib/ruby/gems/1.8/gems/mongrel-1.1.5/lib/mongrel.rb:285:in `initialize'
    /usr/local/lib/ruby/gems/1.8/gems/mongrel-1.1.5/lib/mongrel.rb:285:in `new'
    /usr/local/lib/ruby/gems/1.8/gems/mongrel-1.1.5/lib/mongrel.rb:285:in `run'
    /usr/local/lib/ruby/gems/1.8/gems/mongrel-1.1.5/lib/mongrel.rb:268:in `initialize'
    /usr/local/lib/ruby/gems/1.8/gems/mongrel-1.1.5/lib/mongrel.rb:268:in `new'
    /usr/local/lib/ruby/gems/1.8/gems/mongrel-1.1.5/lib/mongrel.rb:268:in `run'
    /usr/local/lib/ruby/gems/1.8/gems/rack-1.1.0/lib/rack/handler/mongrel.rb:38:in `run'
    /usr/local/lib/ruby/gems/1.8/gems/rails-2.3.8/lib/commands/server.rb:111
    /usr/local/lib/ruby/site_ruby/1.8/rubygems/custom_require.rb:31:in `gem_original_require'
    /usr/local/lib/ruby/site_ruby/1.8/rubygems/custom_require.rb:31:in `require'
    script/server:3
** TwitterAuth initialized properly.
  [4;36;1mSQL (0.2ms)[0m   [0;1mSET NAMES 'utf8'[0m
  [4;35;1mSQL (0.1ms)[0m   [0mSET SQL_AUTO_IS_NULL=0[0m
  [4;36;1mSQL (368.7ms)[0m   [0;1mSHOW TABLES[0m
  [4;35;1mSQL (520.3ms)[0m   [0mCREATE TABLE `schema_migrations` (`version` varchar(255) NOT NULL) ENGINE=InnoDB[0m
  [4;36;1mSQL (8.8ms)[0m   [0;1mSHOW KEYS FROM `schema_migrations`[0m
  [4;35;1mSQL (79.4ms)[0m   [0mCREATE UNIQUE INDEX `unique_schema_migrations` ON `schema_migrations` (`version`)[0m
  [4;36;1mSQL (0.7ms)[0m   [0;1mSHOW TABLES[0m
  [4;35;1mSQL (14.3ms)[0m   [0mSELECT version FROM schema_migrations[0m
Migrating to TwitterAuthMigration (20100612192455)
  [4;36;1mSQL (44.4ms)[0m   [0;1mCREATE TABLE `users` (`id` int(11) DEFAULT NULL auto_increment PRIMARY KEY, `twitter_id` varchar(255), `login` varchar(255), `access_token` varchar(255), `access_secret` varchar(255), `remember_token` varchar(255), `remember_token_expires_at` datetime, `name` varchar(255), `location` varchar(255), `description` varchar(255), `profile_image_url` varchar(255), `url` varchar(255), `protected` tinyint(1), `profile_background_color` varchar(255), `profile_sidebar_fill_color` varchar(255), `profile_link_color` varchar(255), `profile_sidebar_border_color` varchar(255), `profile_text_color` varchar(255), `profile_background_image_url` varchar(255), `profile_background_tiled` tinyint(1), `friends_count` int(11), `statuses_count` int(11), `followers_count` int(11), `favourites_count` int(11), `utc_offset` int(11), `time_zone` varchar(255), `created_at` datetime, `updated_at` datetime) ENGINE=InnoDB[0m
  [4;35;1mSQL (28.8ms)[0m   [0mINSERT INTO schema_migrations (version) VALUES ('20100612192455')[0m
  [4;36;1mSQL (0.7ms)[0m   [0;1mSHOW TABLES[0m
  [4;35;1mSQL (0.4ms)[0m   [0mSELECT version FROM schema_migrations[0m
  [4;36;1mSQL (0.4ms)[0m   [0;1mSHOW TABLES[0m
  [4;35;1mSQL (99.2ms)[0m   [0mSHOW FIELDS FROM `users`[0m
  [4;36;1mSQL (2.7ms)[0m   [0;1mdescribe `users`[0m
  [4;35;1mSQL (0.9ms)[0m   [0mSHOW KEYS FROM `users`[0m
** TwitterAuth initialized properly.
  [4;36;1mSQL (0.2ms)[0m   [0;1mSET NAMES 'utf8'[0m
  [4;35;1mSQL (0.1ms)[0m   [0mSET SQL_AUTO_IS_NULL=0[0m


Processing TweetsController#index (for 127.0.0.1 at 2010-06-12 20:30:27) [GET]
  [4;36;1mUser Columns (3.5ms)[0m   [0;1mSHOW FIELDS FROM `users`[0m
  [4;35;1mUser Load (38.6ms)[0m   [0mSELECT * FROM `users` WHERE (remember_token = 'b2f4cfc757738f92fe5f43b7e9bc236e4119333a' AND remember_token_expires_at > '2010-06-12 20:30:27') LIMIT 1[0m
Redirected to http://localhost:3000/login
Filter chain halted as [:login_required] rendered_or_redirected.
Completed in 83ms (DB: 42) | 302 Found [http://localhost/tweets]
  [4;36;1mSQL (0.1ms)[0m   [0;1mSET NAMES 'utf8'[0m
  [4;35;1mSQL (0.3ms)[0m   [0mSET SQL_AUTO_IS_NULL=0[0m


Processing SessionsController#new (for 127.0.0.1 at 2010-06-12 20:30:27) [GET]

OAuth::Unauthorized (401 Unauthorized):
  oauth (0.4.0) lib/oauth/consumer.rb:215:in `token_request'
  oauth (0.4.0) lib/oauth/consumer.rb:136:in `get_request_token'
  /usr/local/lib/ruby/gems/1.8/gems/twitter-auth-0.1.22/app/controllers/sessions_controller.rb:7:in `new'

Rendered rescues/_trace (43.6ms)
Rendered rescues/_request_and_response (1.9ms)
Rendering rescues/layout (internal_server_error)
  [4;36;1mSQL (0.1ms)[0m   [0;1mSET NAMES 'utf8'[0m
  [4;35;1mSQL (0.1ms)[0m   [0mSET SQL_AUTO_IS_NULL=0[0m


Processing TweetsController#index (for 127.0.0.1 at 2010-06-12 20:30:28) [GET]
  [4;36;1mUser Columns (3.1ms)[0m   [0;1mSHOW FIELDS FROM `users`[0m
  [4;35;1mUser Load (0.5ms)[0m   [0mSELECT * FROM `users` WHERE (remember_token = 'b2f4cfc757738f92fe5f43b7e9bc236e4119333a' AND remember_token_expires_at > '2010-06-12 20:30:28') LIMIT 1[0m
Redirected to http://localhost:3000/login
Filter chain halted as [:login_required] rendered_or_redirected.
Completed in 9ms (DB: 4) | 302 Found [http://localhost/tweets]
  [4;36;1mSQL (0.5ms)[0m   [0;1mSET NAMES 'utf8'[0m
  [4;35;1mSQL (0.1ms)[0m   [0mSET SQL_AUTO_IS_NULL=0[0m


Processing SessionsController#new (for 127.0.0.1 at 2010-06-12 20:30:28) [GET]

OAuth::Unauthorized (401 Unauthorized):
  oauth (0.4.0) lib/oauth/consumer.rb:215:in `token_request'
  oauth (0.4.0) lib/oauth/consumer.rb:136:in `get_request_token'
  /usr/local/lib/ruby/gems/1.8/gems/twitter-auth-0.1.22/app/controllers/sessions_controller.rb:7:in `new'

Rendered rescues/_trace (48.7ms)
Rendered rescues/_request_and_response (0.4ms)
Rendering rescues/layout (internal_server_error)
  [4;36;1mSQL (0.1ms)[0m   [0;1mSET NAMES 'utf8'[0m
  [4;35;1mSQL (0.2ms)[0m   [0mSET SQL_AUTO_IS_NULL=0[0m


Processing SessionsController#new (for 127.0.0.1 at 2010-06-12 20:31:14) [GET]

OAuth::Unauthorized (401 Unauthorized):
  oauth (0.4.0) lib/oauth/consumer.rb:215:in `token_request'
  oauth (0.4.0) lib/oauth/consumer.rb:136:in `get_request_token'
  /usr/local/lib/ruby/gems/1.8/gems/twitter-auth-0.1.22/app/controllers/sessions_controller.rb:7:in `new'

Rendered rescues/_trace (146.0ms)
Rendered rescues/_request_and_response (0.4ms)
Rendering rescues/layout (internal_server_error)
  [4;36;1mSQL (0.6ms)[0m   [0;1mSET NAMES 'utf8'[0m
  [4;35;1mSQL (0.2ms)[0m   [0mSET SQL_AUTO_IS_NULL=0[0m


Processing SessionsController#new (for 127.0.0.1 at 2010-06-12 20:31:15) [GET]

OAuth::Unauthorized (401 Unauthorized):
  oauth (0.4.0) lib/oauth/consumer.rb:215:in `token_request'
  oauth (0.4.0) lib/oauth/consumer.rb:136:in `get_request_token'
  /usr/local/lib/ruby/gems/1.8/gems/twitter-auth-0.1.22/app/controllers/sessions_controller.rb:7:in `new'

Rendered rescues/_trace (43.2ms)
Rendered rescues/_request_and_response (0.4ms)
Rendering rescues/layout (internal_server_error)
** TwitterAuth initialized properly.
  [4;36;1mSQL (0.1ms)[0m   [0;1mSET NAMES 'utf8'[0m
  [4;35;1mSQL (0.1ms)[0m   [0mSET SQL_AUTO_IS_NULL=0[0m


Processing SessionsController#new (for 127.0.0.1 at 2010-06-12 20:33:02) [GET]

OAuth::Unauthorized (401 Unauthorized):
  oauth (0.4.0) lib/oauth/consumer.rb:215:in `token_request'
  oauth (0.4.0) lib/oauth/consumer.rb:136:in `get_request_token'
  /usr/local/lib/ruby/gems/1.8/gems/twitter-auth-0.1.22/app/controllers/sessions_controller.rb:7:in `new'

Rendered rescues/_trace (81.0ms)
Rendered rescues/_request_and_response (0.3ms)
Rendering rescues/layout (internal_server_error)
  [4;36;1mSQL (0.2ms)[0m   [0;1mSET NAMES 'utf8'[0m
  [4;35;1mSQL (0.1ms)[0m   [0mSET SQL_AUTO_IS_NULL=0[0m


Processing SessionsController#new (for 127.0.0.1 at 2010-06-12 20:33:04) [GET]

OAuth::Unauthorized (401 Unauthorized):
  oauth (0.4.0) lib/oauth/consumer.rb:215:in `token_request'
  oauth (0.4.0) lib/oauth/consumer.rb:136:in `get_request_token'
  /usr/local/lib/ruby/gems/1.8/gems/twitter-auth-0.1.22/app/controllers/sessions_controller.rb:7:in `new'

Rendered rescues/_trace (142.0ms)
Rendered rescues/_request_and_response (0.4ms)
Rendering rescues/layout (internal_server_error)
  [4;36;1mSQL (0.1ms)[0m   [0;1mSET NAMES 'utf8'[0m
  [4;35;1mSQL (0.2ms)[0m   [0mSET SQL_AUTO_IS_NULL=0[0m


Processing SessionsController#new (for 127.0.0.1 at 2010-06-12 20:33:05) [GET]

OAuth::Unauthorized (401 Unauthorized):
  oauth (0.4.0) lib/oauth/consumer.rb:215:in `token_request'
  oauth (0.4.0) lib/oauth/consumer.rb:136:in `get_request_token'
  /usr/local/lib/ruby/gems/1.8/gems/twitter-auth-0.1.22/app/controllers/sessions_controller.rb:7:in `new'

Rendered rescues/_trace (49.5ms)
Rendered rescues/_request_and_response (0.4ms)
Rendering rescues/layout (internal_server_error)
  [4;36;1mSQL (0.5ms)[0m   [0;1mSET NAMES 'utf8'[0m
  [4;35;1mSQL (0.1ms)[0m   [0mSET SQL_AUTO_IS_NULL=0[0m


Processing SessionsController#new (for 127.0.0.1 at 2010-06-12 20:33:39) [GET]

OAuth::Unauthorized (401 Unauthorized):
  oauth (0.4.0) lib/oauth/consumer.rb:215:in `token_request'
  oauth (0.4.0) lib/oauth/consumer.rb:136:in `get_request_token'
  /usr/local/lib/ruby/gems/1.8/gems/twitter-auth-0.1.22/app/controllers/sessions_controller.rb:7:in `new'

Rendered rescues/_trace (48.3ms)
Rendered rescues/_request_and_response (0.3ms)
Rendering rescues/layout (internal_server_error)
  [4;36;1mSQL (0.1ms)[0m   [0;1mSET NAMES 'utf8'[0m
  [4;35;1mSQL (0.1ms)[0m   [0mSET SQL_AUTO_IS_NULL=0[0m


Processing SessionsController#new (for 127.0.0.1 at 2010-06-12 20:34:01) [GET]

OAuth::Unauthorized (401 Unauthorized):
  oauth (0.4.0) lib/oauth/consumer.rb:215:in `token_request'
  oauth (0.4.0) lib/oauth/consumer.rb:136:in `get_request_token'
  /usr/local/lib/ruby/gems/1.8/gems/twitter-auth-0.1.22/app/controllers/sessions_controller.rb:7:in `new'

Rendered rescues/_trace (143.2ms)
Rendered rescues/_request_and_response (0.4ms)
Rendering rescues/layout (internal_server_error)
  [4;36;1mSQL (0.1ms)[0m   [0;1mSET NAMES 'utf8'[0m
  [4;35;1mSQL (0.1ms)[0m   [0mSET SQL_AUTO_IS_NULL=0[0m


Processing SessionsController#new (for 127.0.0.1 at 2010-06-12 20:34:03) [GET]

OAuth::Unauthorized (401 Unauthorized):
  oauth (0.4.0) lib/oauth/consumer.rb:215:in `token_request'
  oauth (0.4.0) lib/oauth/consumer.rb:136:in `get_request_token'
  /usr/local/lib/ruby/gems/1.8/gems/twitter-auth-0.1.22/app/controllers/sessions_controller.rb:7:in `new'

Rendered rescues/_trace (43.8ms)
Rendered rescues/_request_and_response (0.3ms)
Rendering rescues/layout (internal_server_error)
  [4;36;1mSQL (0.2ms)[0m   [0;1mSET NAMES 'utf8'[0m
  [4;35;1mSQL (0.4ms)[0m   [0mSET SQL_AUTO_IS_NULL=0[0m


Processing SessionsController#new (for 127.0.0.1 at 2010-06-12 20:34:04) [GET]

OAuth::Unauthorized (401 Unauthorized):
  oauth (0.4.0) lib/oauth/consumer.rb:215:in `token_request'
  oauth (0.4.0) lib/oauth/consumer.rb:136:in `get_request_token'
  /usr/local/lib/ruby/gems/1.8/gems/twitter-auth-0.1.22/app/controllers/sessions_controller.rb:7:in `new'

Rendered rescues/_trace (42.6ms)
Rendered rescues/_request_and_response (0.3ms)
Rendering rescues/layout (internal_server_error)
  [4;36;1mSQL (0.1ms)[0m   [0;1mSET NAMES 'utf8'[0m
  [4;35;1mSQL (0.1ms)[0m   [0mSET SQL_AUTO_IS_NULL=0[0m


Processing SessionsController#new (for 127.0.0.1 at 2010-06-12 20:34:24) [GET]

OAuth::Unauthorized (401 Unauthorized):
  oauth (0.4.0) lib/oauth/consumer.rb:215:in `token_request'
  oauth (0.4.0) lib/oauth/consumer.rb:136:in `get_request_token'
  /usr/local/lib/ruby/gems/1.8/gems/twitter-auth-0.1.22/app/controllers/sessions_controller.rb:7:in `new'

Rendered rescues/_trace (142.3ms)
Rendered rescues/_request_and_response (0.4ms)
Rendering rescues/layout (internal_server_error)
  [4;36;1mSQL (0.2ms)[0m   [0;1mSET NAMES 'utf8'[0m
  [4;35;1mSQL (0.1ms)[0m   [0mSET SQL_AUTO_IS_NULL=0[0m


Processing SessionsController#new (for 127.0.0.1 at 2010-06-12 20:34:29) [GET]

OAuth::Unauthorized (401 Unauthorized):
  oauth (0.4.0) lib/oauth/consumer.rb:215:in `token_request'
  oauth (0.4.0) lib/oauth/consumer.rb:136:in `get_request_token'
  /usr/local/lib/ruby/gems/1.8/gems/twitter-auth-0.1.22/app/controllers/sessions_controller.rb:7:in `new'

Rendered rescues/_trace (46.9ms)
Rendered rescues/_request_and_response (0.3ms)
Rendering rescues/layout (internal_server_error)
  [4;36;1mSQL (0.1ms)[0m   [0;1mSET NAMES 'utf8'[0m
  [4;35;1mSQL (0.2ms)[0m   [0mSET SQL_AUTO_IS_NULL=0[0m


Processing SessionsController#new (for 127.0.0.1 at 2010-06-12 20:34:35) [GET]

OAuth::Unauthorized (401 Unauthorized):
  oauth (0.4.0) lib/oauth/consumer.rb:215:in `token_request'
  oauth (0.4.0) lib/oauth/consumer.rb:136:in `get_request_token'
  /usr/local/lib/ruby/gems/1.8/gems/twitter-auth-0.1.22/app/controllers/sessions_controller.rb:7:in `new'

Rendered rescues/_trace (48.5ms)
Rendered rescues/_request_and_response (0.4ms)
Rendering rescues/layout (internal_server_error)
  [4;36;1mSQL (0.1ms)[0m   [0;1mSET NAMES 'utf8'[0m
  [4;35;1mSQL (0.2ms)[0m   [0mSET SQL_AUTO_IS_NULL=0[0m


Processing TweetsController#index (for 127.0.0.1 at 2010-06-12 20:34:49) [GET]
  [4;36;1mUser Columns (4.2ms)[0m   [0;1mSHOW FIELDS FROM `users`[0m
  [4;35;1mUser Load (0.5ms)[0m   [0mSELECT * FROM `users` WHERE (remember_token = 'b2f4cfc757738f92fe5f43b7e9bc236e4119333a' AND remember_token_expires_at > '2010-06-12 20:34:49') LIMIT 1[0m
Redirected to http://localhost:3000/login
Filter chain halted as [:login_required] rendered_or_redirected.
Completed in 12ms (DB: 5) | 302 Found [http://localhost/tweets]
  [4;36;1mSQL (0.1ms)[0m   [0;1mSET NAMES 'utf8'[0m
  [4;35;1mSQL (0.1ms)[0m   [0mSET SQL_AUTO_IS_NULL=0[0m


Processing SessionsController#new (for 127.0.0.1 at 2010-06-12 20:34:49) [GET]

OAuth::Unauthorized (401 Unauthorized):
  oauth (0.4.0) lib/oauth/consumer.rb:215:in `token_request'
  oauth (0.4.0) lib/oauth/consumer.rb:136:in `get_request_token'
  /usr/local/lib/ruby/gems/1.8/gems/twitter-auth-0.1.22/app/controllers/sessions_controller.rb:7:in `new'

Rendered rescues/_trace (43.6ms)
Rendered rescues/_request_and_response (0.4ms)
Rendering rescues/layout (internal_server_error)
  [4;36;1mSQL (0.1ms)[0m   [0;1mSET NAMES 'utf8'[0m
  [4;35;1mSQL (0.1ms)[0m   [0mSET SQL_AUTO_IS_NULL=0[0m


Processing SessionsController#new (for 127.0.0.1 at 2010-06-12 20:35:00) [GET]

OAuth::Unauthorized (401 Unauthorized):
  oauth (0.4.0) lib/oauth/consumer.rb:215:in `token_request'
  oauth (0.4.0) lib/oauth/consumer.rb:136:in `get_request_token'
  /usr/local/lib/ruby/gems/1.8/gems/twitter-auth-0.1.22/app/controllers/sessions_controller.rb:7:in `new'

Rendered rescues/_trace (46.0ms)
Rendered rescues/_request_and_response (0.3ms)
Rendering rescues/layout (internal_server_error)
  [4;36;1mSQL (0.1ms)[0m   [0;1mSET NAMES 'utf8'[0m
  [4;35;1mSQL (0.1ms)[0m   [0mSET SQL_AUTO_IS_NULL=0[0m


Processing SessionsController#new (for 127.0.0.1 at 2010-06-12 20:36:04) [GET]

OAuth::Unauthorized (401 Unauthorized):
  oauth (0.4.0) lib/oauth/consumer.rb:215:in `token_request'
  oauth (0.4.0) lib/oauth/consumer.rb:136:in `get_request_token'
  /usr/local/lib/ruby/gems/1.8/gems/twitter-auth-0.1.22/app/controllers/sessions_controller.rb:7:in `new'

Rendered rescues/_trace (159.4ms)
Rendered rescues/_request_and_response (0.5ms)
Rendering rescues/layout (internal_server_error)
  [4;36;1mSQL (0.1ms)[0m   [0;1mSET NAMES 'utf8'[0m
  [4;35;1mSQL (0.1ms)[0m   [0mSET SQL_AUTO_IS_NULL=0[0m


Processing SessionsController#new (for 127.0.0.1 at 2010-06-12 20:36:19) [GET]

OAuth::Unauthorized (401 Unauthorized):
  oauth (0.4.0) lib/oauth/consumer.rb:215:in `token_request'
  oauth (0.4.0) lib/oauth/consumer.rb:136:in `get_request_token'
  /usr/local/lib/ruby/gems/1.8/gems/twitter-auth-0.1.22/app/controllers/sessions_controller.rb:7:in `new'

Rendered rescues/_trace (42.8ms)
Rendered rescues/_request_and_response (0.4ms)
Rendering rescues/layout (internal_server_error)
  [4;36;1mSQL (0.1ms)[0m   [0;1mSET NAMES 'utf8'[0m
  [4;35;1mSQL (0.1ms)[0m   [0mSET SQL_AUTO_IS_NULL=0[0m


Processing SessionsController#new (for 127.0.0.1 at 2010-06-12 20:36:20) [GET]

OAuth::Unauthorized (401 Unauthorized):
  oauth (0.4.0) lib/oauth/consumer.rb:215:in `token_request'
  oauth (0.4.0) lib/oauth/consumer.rb:136:in `get_request_token'
  /usr/local/lib/ruby/gems/1.8/gems/twitter-auth-0.1.22/app/controllers/sessions_controller.rb:7:in `new'

Rendered rescues/_trace (53.0ms)
Rendered rescues/_request_and_response (0.4ms)
Rendering rescues/layout (internal_server_error)
  [4;36;1mSQL (0.1ms)[0m   [0;1mSET NAMES 'utf8'[0m
  [4;35;1mSQL (0.1ms)[0m   [0mSET SQL_AUTO_IS_NULL=0[0m


Processing SessionsController#new (for 127.0.0.1 at 2010-06-12 20:39:30) [GET]
Redirected to https://twitter.com/oauth/authenticate?oauth_token=Vc3BjMrWJ76f2gR6xkdT9Zj9A2xtmWbnMT8QF52Rtg&oauth_callback=http%3A%2F%2Flocalhost%3A3000%2Foauth_callback
Completed in 962ms (DB: 0) | 302 Found [http://localhost/login]
  [4;36;1mSQL (0.1ms)[0m   [0;1mSET NAMES 'utf8'[0m
  [4;35;1mSQL (0.1ms)[0m   [0mSET SQL_AUTO_IS_NULL=0[0m


Processing SessionsController#oauth_callback (for 127.0.0.1 at 2010-06-12 20:39:33) [GET]
  Parameters: {"oauth_token"=>"Vc3BjMrWJ76f2gR6xkdT9Zj9A2xtmWbnMT8QF52Rtg", "oauth_verifier"=>"ssgqfljARFq016MgIqksALKVcr2SFmJbsPKBR0e8Dc"}
  [4;36;1mUser Columns (3.2ms)[0m   [0;1mSHOW FIELDS FROM `users`[0m
  [4;35;1mUser Load (0.5ms)[0m   [0mSELECT * FROM `users` WHERE (`users`.`twitter_id` = '944541') LIMIT 1[0m
  [4;36;1mSQL (42.1ms)[0m   [0;1mBEGIN[0m
  [4;35;1mTwitterAuth::GenericUser Columns (3.0ms)[0m   [0mSHOW FIELDS FROM `users`[0m
  [4;36;1mTwitterAuth::GenericUser Load (65.4ms)[0m   [0;1mSELECT `users`.id FROM `users` WHERE (LOWER(`users`.`login`) = BINARY 'cwninja') LIMIT 1[0m
  [4;35;1mTwitterAuth::GenericUser Load (0.3ms)[0m   [0mSELECT `users`.id FROM `users` WHERE (`users`.`twitter_id` = BINARY '944541') LIMIT 1[0m
  [4;36;1mUser Create (1.0ms)[0m   [0;1mINSERT INTO `users` (`name`, `profile_sidebar_fill_color`, `profile_sidebar_border_color`, `profile_background_tiled`, `location`, `profile_image_url`, `created_at`, `access_secret`, `remember_token_expires_at`, `profile_link_color`, `updated_at`, `url`, `favourites_count`, `utc_offset`, `twitter_id`, `remember_token`, `protected`, `profile_text_color`, `followers_count`, `description`, `profile_background_color`, `time_zone`, `login`, `profile_background_image_url`, `friends_count`, `statuses_count`, `access_token`) VALUES('Tom Lea', 'fafafa', 'e8e8e8', NULL, 'London', 'http://a1.twimg.com/profile_images/641333824/stupid-face_normal.jpg', '2010-06-12 19:39:35', 'Rl32v6GoCg2SzyNDfzDwwcIKhiszSABtS4CxAKLFhAE', NULL, '8b5d55', '2010-06-12 19:39:35', 'http://clockworkninja.co.uk/', 4, 0, '944541', NULL, 0, '121212', 304, 'Digital Hobo - I write code and stuf.', '000000', 'London', 'cwninja', 'http://a3.twimg.com/profile_background_images/2544643/bg.jpg', 109, 2112, '944541-OiidB3LvqjiJYsgH4eIa2VKknPotaUl4kxa5zYCMI0')[0m
  [4;35;1mSQL (21.4ms)[0m   [0mCOMMIT[0m
  [4;36;1mSQL (0.2ms)[0m   [0;1mBEGIN[0m
  [4;35;1mTwitterAuth::GenericUser Load (32.2ms)[0m   [0mSELECT `users`.id FROM `users` WHERE (LOWER(`users`.`login`) = BINARY 'cwninja' AND `users`.id <> 1) LIMIT 1[0m
  [4;36;1mTwitterAuth::GenericUser Load (0.4ms)[0m   [0;1mSELECT `users`.id FROM `users` WHERE (`users`.`twitter_id` = BINARY '944541' AND `users`.id <> 1) LIMIT 1[0m
  [4;35;1mTwitterAuth::GenericUser Load (0.4ms)[0m   [0mSELECT `users`.id FROM `users` WHERE (`users`.`remember_token` = BINARY 'e355f1e11712bc663d17' AND `users`.id <> 1) LIMIT 1[0m
  [4;36;1mUser Update (17.2ms)[0m   [0;1mUPDATE `users` SET `updated_at` = '2010-06-12 19:39:35', `remember_token_expires_at` = '2010-06-26 19:39:35', `remember_token` = 'e355f1e11712bc663d17' WHERE `id` = 1[0m
  [4;35;1mSQL (0.8ms)[0m   [0mCOMMIT[0m
Redirected to http://localhost:3000/tweets
Completed in 2380ms (DB: 188) | 302 Found [http://localhost/oauth_callback?oauth_token=Vc3BjMrWJ76f2gR6xkdT9Zj9A2xtmWbnMT8QF52Rtg&oauth_verifier=ssgqfljARFq016MgIqksALKVcr2SFmJbsPKBR0e8Dc]
  [4;36;1mSQL (0.1ms)[0m   [0;1mSET NAMES 'utf8'[0m
  [4;35;1mSQL (0.1ms)[0m   [0mSET SQL_AUTO_IS_NULL=0[0m


Processing TweetsController#index (for 127.0.0.1 at 2010-06-12 20:39:35) [GET]
  [4;36;1mUser Columns (14.1ms)[0m   [0;1mSHOW FIELDS FROM `users`[0m
  [4;35;1mUser Load (7.3ms)[0m   [0mSELECT * FROM `users` WHERE (`users`.`id` = 1) LIMIT 1[0m
Rendering tweets/index
Completed in 119ms (View: 88, DB: 22) | 200 OK [http://localhost/tweets]
  [4;36;1mSQL (0.1ms)[0m   [0;1mSET NAMES 'utf8'[0m
  [4;35;1mSQL (0.1ms)[0m   [0mSET SQL_AUTO_IS_NULL=0[0m


Processing TweetsController#index (for 127.0.0.1 at 2010-06-12 20:39:42) [GET]
  [4;36;1mUser Columns (3.1ms)[0m   [0;1mSHOW FIELDS FROM `users`[0m
  [4;35;1mUser Load (0.2ms)[0m   [0mSELECT * FROM `users` WHERE (`users`.`id` = 1) LIMIT 1[0m
Rendering tweets/index
Completed in 13ms (View: 1, DB: 4) | 200 OK [http://localhost/tweets]
  [4;36;1mSQL (0.1ms)[0m   [0;1mSET NAMES 'utf8'[0m
  [4;35;1mSQL (0.1ms)[0m   [0mSET SQL_AUTO_IS_NULL=0[0m


Processing TweetsController#index (for 127.0.0.1 at 2010-06-12 20:40:00) [GET]
  [4;36;1mUser Columns (3.9ms)[0m   [0;1mSHOW FIELDS FROM `users`[0m
  [4;35;1mUser Load (1.9ms)[0m   [0mSELECT * FROM `users` WHERE (`users`.`id` = 1) LIMIT 1[0m
Rendering tweets/index

ActionView::TemplateError (undefined method `tweets' for #<TwitterAuth::Dispatcher::Oauth:0x23a2224>) on line #1 of app/views/tweets/index.html.erb:
1: <%= current_user.twitter.tweets %>

    app/views/tweets/index.html.erb:1

Rendered rescues/_trace (52.1ms)
Rendered rescues/_request_and_response (0.3ms)
Rendering rescues/layout (internal_server_error)
  [4;36;1mSQL (0.1ms)[0m   [0;1mSET NAMES 'utf8'[0m
  [4;35;1mSQL (0.1ms)[0m   [0mSET SQL_AUTO_IS_NULL=0[0m


Processing TweetsController#index (for 127.0.0.1 at 2010-06-12 20:40:52) [GET]
  [4;36;1mUser Columns (4.5ms)[0m   [0;1mSHOW FIELDS FROM `users`[0m
  [4;35;1mUser Load (0.2ms)[0m   [0mSELECT * FROM `users` WHERE (`users`.`id` = 1) LIMIT 1[0m
Rendering tweets/index

ActionView::TemplateError (An error occurred processing your Twitter request.) on line #1 of app/views/tweets/index.html.erb:
1: <%= current_user.twitter.get("/1/statuses/friends_timeline.json") %>

    /usr/local/lib/ruby/gems/1.8/gems/twitter-auth-0.1.22/lib/twitter_auth/dispatcher/shared.rb:35:in `handle_response'
    /usr/local/lib/ruby/gems/1.8/gems/twitter-auth-0.1.22/lib/twitter_auth/dispatcher/oauth.rb:22:in `request'
    oauth (0.4.0) lib/oauth/tokens/access_token.rb:24:in `get'
    app/views/tweets/index.html.erb:1

Rendered rescues/_trace (56.8ms)
Rendered rescues/_request_and_response (0.4ms)
Rendering rescues/layout (internal_server_error)
  [4;36;1mSQL (0.1ms)[0m   [0;1mSET NAMES 'utf8'[0m
  [4;35;1mSQL (0.1ms)[0m   [0mSET SQL_AUTO_IS_NULL=0[0m


Processing TweetsController#index (for 127.0.0.1 at 2010-06-12 20:41:23) [GET]
  [4;36;1mUser Columns (3.7ms)[0m   [0;1mSHOW FIELDS FROM `users`[0m
  [4;35;1mUser Load (0.2ms)[0m   [0mSELECT * FROM `users` WHERE (`users`.`id` = 1) LIMIT 1[0m
Rendering tweets/index
ERROR: compiling _run_erb_app47views47tweets47index46html46erb RAISED compile error
/Users/norman/Desktop/iplayer-sync/app/views/tweets/index.html.erb:2: syntax error, unexpected kENSURE, expecting ')'
/Users/norman/Desktop/iplayer-sync/app/views/tweets/index.html.erb:4: syntax error, unexpected kEND, expecting ')'
Function body:           def _run_erb_app47views47tweets47index46html46erb(local_assigns)
            old_output_buffer = output_buffer;;@output_buffer = '';  __in_erb_template=true ; @output_buffer.concat(( current_user#.twitter.get("/1/statuses/friends_timeline.json") ).to_s); @output_buffer
          ensure
            self.output_buffer = old_output_buffer
          end
Backtrace: /Users/norman/Desktop/iplayer-sync/app/views/tweets/index.html.erb:4:in `compile!'
/usr/local/lib/ruby/gems/1.8/gems/actionpack-2.3.8/lib/action_view/renderable.rb:61:in `compile'
/usr/local/lib/ruby/gems/1.8/gems/actionpack-2.3.8/lib/action_view/renderable.rb:28:in `render'
/usr/local/lib/ruby/gems/1.8/gems/actionpack-2.3.8/lib/action_view/template.rb:205:in `render_template'
/usr/local/lib/ruby/gems/1.8/gems/actionpack-2.3.8/lib/action_view/base.rb:265:in `render'
/usr/local/lib/ruby/gems/1.8/gems/actionpack-2.3.8/lib/action_controller/base.rb:1250:in `render_for_file'
/usr/local/lib/ruby/gems/1.8/gems/actionpack-2.3.8/lib/action_controller/base.rb:936:in `render_without_benchmark'
/usr/local/lib/ruby/gems/1.8/gems/actionpack-2.3.8/lib/action_controller/benchmarking.rb:51:in `render'
/usr/local/lib/ruby/gems/1.8/gems/activesupport-2.3.8/lib/active_support/core_ext/benchmark.rb:17:in `ms'
/usr/local/lib/ruby/1.8/benchmark.rb:308:in `realtime'
/usr/local/lib/ruby/gems/1.8/gems/activesupport-2.3.8/lib/active_support/core_ext/benchmark.rb:17:in `ms'
/usr/local/lib/ruby/gems/1.8/gems/actionpack-2.3.8/lib/action_controller/benchmarking.rb:51:in `render'
/usr/local/lib/ruby/gems/1.8/gems/actionpack-2.3.8/lib/action_controller/base.rb:1326:in `default_render'
/usr/local/lib/ruby/gems/1.8/gems/actionpack-2.3.8/lib/action_controller/base.rb:1332:in `perform_action_without_filters'
/usr/local/lib/ruby/gems/1.8/gems/actionpack-2.3.8/lib/action_controller/filters.rb:617:in `call_filters'
/usr/local/lib/ruby/gems/1.8/gems/actionpack-2.3.8/lib/action_controller/filters.rb:610:in `perform_action_without_benchmark'
/usr/local/lib/ruby/gems/1.8/gems/actionpack-2.3.8/lib/action_controller/benchmarking.rb:68:in `perform_action_without_rescue'
/usr/local/lib/ruby/gems/1.8/gems/activesupport-2.3.8/lib/active_support/core_ext/benchmark.rb:17:in `ms'
/usr/local/lib/ruby/1.8/benchmark.rb:308:in `realtime'
/usr/local/lib/ruby/gems/1.8/gems/activesupport-2.3.8/lib/active_support/core_ext/benchmark.rb:17:in `ms'
/usr/local/lib/ruby/gems/1.8/gems/actionpack-2.3.8/lib/action_controller/benchmarking.rb:68:in `perform_action_without_rescue'
/usr/local/lib/ruby/gems/1.8/gems/actionpack-2.3.8/lib/action_controller/rescue.rb:160:in `perform_action_without_flash'
/usr/local/lib/ruby/gems/1.8/gems/actionpack-2.3.8/lib/action_controller/flash.rb:151:in `perform_action'
/usr/local/lib/ruby/gems/1.8/gems/actionpack-2.3.8/lib/action_controller/base.rb:532:in `send'
/usr/local/lib/ruby/gems/1.8/gems/actionpack-2.3.8/lib/action_controller/base.rb:532:in `process_without_filters'
/usr/local/lib/ruby/gems/1.8/gems/actionpack-2.3.8/lib/action_controller/filters.rb:606:in `process'
/usr/local/lib/ruby/gems/1.8/gems/actionpack-2.3.8/lib/action_controller/base.rb:391:in `process'
/usr/local/lib/ruby/gems/1.8/gems/actionpack-2.3.8/lib/action_controller/base.rb:386:in `call'
/usr/local/lib/ruby/gems/1.8/gems/actionpack-2.3.8/lib/action_controller/routing/route_set.rb:438:in `call'
/usr/local/lib/ruby/gems/1.8/gems/actionpack-2.3.8/lib/action_controller/dispatcher.rb:87:in `dispatch'
/usr/local/lib/ruby/gems/1.8/gems/actionpack-2.3.8/lib/action_controller/dispatcher.rb:121:in `_call'
/usr/local/lib/ruby/gems/1.8/gems/actionpack-2.3.8/lib/action_controller/dispatcher.rb:130:in `build_middleware_stack'
/usr/local/lib/ruby/gems/1.8/gems/activerecord-2.3.8/lib/active_record/query_cache.rb:29:in `call'
/usr/local/lib/ruby/gems/1.8/gems/activerecord-2.3.8/lib/active_record/query_cache.rb:29:in `call'
/usr/local/lib/ruby/gems/1.8/gems/activerecord-2.3.8/lib/active_record/connection_adapters/abstract/query_cache.rb:34:in `cache'
/usr/local/lib/ruby/gems/1.8/gems/activerecord-2.3.8/lib/active_record/query_cache.rb:9:in `cache'
/usr/local/lib/ruby/gems/1.8/gems/activerecord-2.3.8/lib/active_record/query_cache.rb:28:in `call'
/usr/local/lib/ruby/gems/1.8/gems/activerecord-2.3.8/lib/active_record/connection_adapters/abstract/connection_pool.rb:361:in `call'
/usr/local/lib/ruby/gems/1.8/gems/actionpack-2.3.8/lib/action_controller/string_coercion.rb:25:in `call'
/usr/local/lib/ruby/gems/1.8/gems/rack-1.1.0/lib/rack/head.rb:9:in `call'
/usr/local/lib/ruby/gems/1.8/gems/rack-1.1.0/lib/rack/methodoverride.rb:24:in `call'
/usr/local/lib/ruby/gems/1.8/gems/actionpack-2.3.8/lib/action_controller/params_parser.rb:15:in `call'
/usr/local/lib/ruby/gems/1.8/gems/actionpack-2.3.8/lib/action_controller/session/cookie_store.rb:99:in `call'
/usr/local/lib/ruby/gems/1.8/gems/actionpack-2.3.8/lib/action_controller/failsafe.rb:26:in `call'
/usr/local/lib/ruby/gems/1.8/gems/rack-1.1.0/lib/rack/lock.rb:11:in `call'
/usr/local/lib/ruby/gems/1.8/gems/rack-1.1.0/lib/rack/lock.rb:11:in `synchronize'
/usr/local/lib/ruby/gems/1.8/gems/rack-1.1.0/lib/rack/lock.rb:11:in `call'
/usr/local/lib/ruby/gems/1.8/gems/actionpack-2.3.8/lib/action_controller/dispatcher.rb:114:in `call'
/usr/local/lib/ruby/gems/1.8/gems/actionpack-2.3.8/lib/action_controller/reloader.rb:34:in `run'
/usr/local/lib/ruby/gems/1.8/gems/actionpack-2.3.8/lib/action_controller/dispatcher.rb:108:in `call'
/usr/local/lib/ruby/gems/1.8/gems/rails-2.3.8/lib/rails/rack/static.rb:31:in `call'
/usr/local/lib/ruby/gems/1.8/gems/rack-1.1.0/lib/rack/urlmap.rb:47:in `call'
/usr/local/lib/ruby/gems/1.8/gems/rack-1.1.0/lib/rack/urlmap.rb:41:in `each'
/usr/local/lib/ruby/gems/1.8/gems/rack-1.1.0/lib/rack/urlmap.rb:41:in `call'
/usr/local/lib/ruby/gems/1.8/gems/rails-2.3.8/lib/rails/rack/log_tailer.rb:17:in `call'
/usr/local/lib/ruby/gems/1.8/gems/rack-1.1.0/lib/rack/content_length.rb:13:in `call'
/usr/local/lib/ruby/gems/1.8/gems/rack-1.1.0/lib/rack/chunked.rb:15:in `call'
/usr/local/lib/ruby/gems/1.8/gems/rack-1.1.0/lib/rack/handler/mongrel.rb:67:in `process'
/usr/local/lib/ruby/gems/1.8/gems/mongrel-1.1.5/lib/mongrel.rb:159:in `process_client'
/usr/local/lib/ruby/gems/1.8/gems/mongrel-1.1.5/lib/mongrel.rb:158:in `each'
/usr/local/lib/ruby/gems/1.8/gems/mongrel-1.1.5/lib/mongrel.rb:158:in `process_client'
/usr/local/lib/ruby/gems/1.8/gems/mongrel-1.1.5/lib/mongrel.rb:285:in `run'
/usr/local/lib/ruby/gems/1.8/gems/mongrel-1.1.5/lib/mongrel.rb:285:in `initialize'
/usr/local/lib/ruby/gems/1.8/gems/mongrel-1.1.5/lib/mongrel.rb:285:in `new'
/usr/local/lib/ruby/gems/1.8/gems/mongrel-1.1.5/lib/mongrel.rb:285:in `run'
/usr/local/lib/ruby/gems/1.8/gems/mongrel-1.1.5/lib/mongrel.rb:268:in `initialize'
/usr/local/lib/ruby/gems/1.8/gems/mongrel-1.1.5/lib/mongrel.rb:268:in `new'
/usr/local/lib/ruby/gems/1.8/gems/mongrel-1.1.5/lib/mongrel.rb:268:in `run'
/usr/local/lib/ruby/gems/1.8/gems/rack-1.1.0/lib/rack/handler/mongrel.rb:38:in `run'
/usr/local/lib/ruby/gems/1.8/gems/rails-2.3.8/lib/commands/server.rb:111
/usr/local/lib/ruby/site_ruby/1.8/rubygems/custom_require.rb:31:in `gem_original_require'
/usr/local/lib/ruby/site_ruby/1.8/rubygems/custom_require.rb:31:in `require'
script/server:3

ActionView::TemplateError (compile error
/Users/norman/Desktop/iplayer-sync/app/views/tweets/index.html.erb:2: syntax error, unexpected kENSURE, expecting ')'
/Users/norman/Desktop/iplayer-sync/app/views/tweets/index.html.erb:4: syntax error, unexpected kEND, expecting ')') on line #2 of app/views/tweets/index.html.erb:
1: <%= current_user#.twitter.get("/1/statuses/friends_timeline.json") %>

    app/views/tweets/index.html.erb:4:in `compile!'

Rendered rescues/_trace (50.7ms)
Rendered rescues/_request_and_response (0.4ms)
Rendering rescues/layout (internal_server_error)
  [4;36;1mSQL (0.4ms)[0m   [0;1mSET NAMES 'utf8'[0m
  [4;35;1mSQL (0.8ms)[0m   [0mSET SQL_AUTO_IS_NULL=0[0m


Processing TweetsController#index (for 127.0.0.1 at 2010-06-12 20:41:24) [GET]
  [4;36;1mUser Columns (3.6ms)[0m   [0;1mSHOW FIELDS FROM `users`[0m
  [4;35;1mUser Load (0.5ms)[0m   [0mSELECT * FROM `users` WHERE (`users`.`id` = 1) LIMIT 1[0m
Rendering tweets/index
ERROR: compiling _run_erb_app47views47tweets47index46html46erb RAISED compile error
/Users/norman/Desktop/iplayer-sync/app/views/tweets/index.html.erb:2: syntax error, unexpected kENSURE, expecting ')'
/Users/norman/Desktop/iplayer-sync/app/views/tweets/index.html.erb:4: syntax error, unexpected kEND, expecting ')'
Function body:           def _run_erb_app47views47tweets47index46html46erb(local_assigns)
            old_output_buffer = output_buffer;;@output_buffer = '';  __in_erb_template=true ; @output_buffer.concat(( current_user#.twitter.get("/1/statuses/friends_timeline.json") ).to_s); @output_buffer
          ensure
            self.output_buffer = old_output_buffer
          end
Backtrace: /Users/norman/Desktop/iplayer-sync/app/views/tweets/index.html.erb:4:in `compile!'
/usr/local/lib/ruby/gems/1.8/gems/actionpack-2.3.8/lib/action_view/renderable.rb:61:in `compile'
/usr/local/lib/ruby/gems/1.8/gems/actionpack-2.3.8/lib/action_view/renderable.rb:28:in `render'
/usr/local/lib/ruby/gems/1.8/gems/actionpack-2.3.8/lib/action_view/template.rb:205:in `render_template'
/usr/local/lib/ruby/gems/1.8/gems/actionpack-2.3.8/lib/action_view/base.rb:265:in `render'
/usr/local/lib/ruby/gems/1.8/gems/actionpack-2.3.8/lib/action_controller/base.rb:1250:in `render_for_file'
/usr/local/lib/ruby/gems/1.8/gems/actionpack-2.3.8/lib/action_controller/base.rb:936:in `render_without_benchmark'
/usr/local/lib/ruby/gems/1.8/gems/actionpack-2.3.8/lib/action_controller/benchmarking.rb:51:in `render'
/usr/local/lib/ruby/gems/1.8/gems/activesupport-2.3.8/lib/active_support/core_ext/benchmark.rb:17:in `ms'
/usr/local/lib/ruby/1.8/benchmark.rb:308:in `realtime'
/usr/local/lib/ruby/gems/1.8/gems/activesupport-2.3.8/lib/active_support/core_ext/benchmark.rb:17:in `ms'
/usr/local/lib/ruby/gems/1.8/gems/actionpack-2.3.8/lib/action_controller/benchmarking.rb:51:in `render'
/usr/local/lib/ruby/gems/1.8/gems/actionpack-2.3.8/lib/action_controller/base.rb:1326:in `default_render'
/usr/local/lib/ruby/gems/1.8/gems/actionpack-2.3.8/lib/action_controller/base.rb:1332:in `perform_action_without_filters'
/usr/local/lib/ruby/gems/1.8/gems/actionpack-2.3.8/lib/action_controller/filters.rb:617:in `call_filters'
/usr/local/lib/ruby/gems/1.8/gems/actionpack-2.3.8/lib/action_controller/filters.rb:610:in `perform_action_without_benchmark'
/usr/local/lib/ruby/gems/1.8/gems/actionpack-2.3.8/lib/action_controller/benchmarking.rb:68:in `perform_action_without_rescue'
/usr/local/lib/ruby/gems/1.8/gems/activesupport-2.3.8/lib/active_support/core_ext/benchmark.rb:17:in `ms'
/usr/local/lib/ruby/1.8/benchmark.rb:308:in `realtime'
/usr/local/lib/ruby/gems/1.8/gems/activesupport-2.3.8/lib/active_support/core_ext/benchmark.rb:17:in `ms'
/usr/local/lib/ruby/gems/1.8/gems/actionpack-2.3.8/lib/action_controller/benchmarking.rb:68:in `perform_action_without_rescue'
/usr/local/lib/ruby/gems/1.8/gems/actionpack-2.3.8/lib/action_controller/rescue.rb:160:in `perform_action_without_flash'
/usr/local/lib/ruby/gems/1.8/gems/actionpack-2.3.8/lib/action_controller/flash.rb:151:in `perform_action'
/usr/local/lib/ruby/gems/1.8/gems/actionpack-2.3.8/lib/action_controller/base.rb:532:in `send'
/usr/local/lib/ruby/gems/1.8/gems/actionpack-2.3.8/lib/action_controller/base.rb:532:in `process_without_filters'
/usr/local/lib/ruby/gems/1.8/gems/actionpack-2.3.8/lib/action_controller/filters.rb:606:in `process'
/usr/local/lib/ruby/gems/1.8/gems/actionpack-2.3.8/lib/action_controller/base.rb:391:in `process'
/usr/local/lib/ruby/gems/1.8/gems/actionpack-2.3.8/lib/action_controller/base.rb:386:in `call'
/usr/local/lib/ruby/gems/1.8/gems/actionpack-2.3.8/lib/action_controller/routing/route_set.rb:438:in `call'
/usr/local/lib/ruby/gems/1.8/gems/actionpack-2.3.8/lib/action_controller/dispatcher.rb:87:in `dispatch'
/usr/local/lib/ruby/gems/1.8/gems/actionpack-2.3.8/lib/action_controller/dispatcher.rb:121:in `_call'
/usr/local/lib/ruby/gems/1.8/gems/actionpack-2.3.8/lib/action_controller/dispatcher.rb:130:in `build_middleware_stack'
/usr/local/lib/ruby/gems/1.8/gems/activerecord-2.3.8/lib/active_record/query_cache.rb:29:in `call'
/usr/local/lib/ruby/gems/1.8/gems/activerecord-2.3.8/lib/active_record/query_cache.rb:29:in `call'
/usr/local/lib/ruby/gems/1.8/gems/activerecord-2.3.8/lib/active_record/connection_adapters/abstract/query_cache.rb:34:in `cache'
/usr/local/lib/ruby/gems/1.8/gems/activerecord-2.3.8/lib/active_record/query_cache.rb:9:in `cache'
/usr/local/lib/ruby/gems/1.8/gems/activerecord-2.3.8/lib/active_record/query_cache.rb:28:in `call'
/usr/local/lib/ruby/gems/1.8/gems/activerecord-2.3.8/lib/active_record/connection_adapters/abstract/connection_pool.rb:361:in `call'
/usr/local/lib/ruby/gems/1.8/gems/actionpack-2.3.8/lib/action_controller/string_coercion.rb:25:in `call'
/usr/local/lib/ruby/gems/1.8/gems/rack-1.1.0/lib/rack/head.rb:9:in `call'
/usr/local/lib/ruby/gems/1.8/gems/rack-1.1.0/lib/rack/methodoverride.rb:24:in `call'
/usr/local/lib/ruby/gems/1.8/gems/actionpack-2.3.8/lib/action_controller/params_parser.rb:15:in `call'
/usr/local/lib/ruby/gems/1.8/gems/actionpack-2.3.8/lib/action_controller/session/cookie_store.rb:99:in `call'
/usr/local/lib/ruby/gems/1.8/gems/actionpack-2.3.8/lib/action_controller/failsafe.rb:26:in `call'
/usr/local/lib/ruby/gems/1.8/gems/rack-1.1.0/lib/rack/lock.rb:11:in `call'
/usr/local/lib/ruby/gems/1.8/gems/rack-1.1.0/lib/rack/lock.rb:11:in `synchronize'
/usr/local/lib/ruby/gems/1.8/gems/rack-1.1.0/lib/rack/lock.rb:11:in `call'
/usr/local/lib/ruby/gems/1.8/gems/actionpack-2.3.8/lib/action_controller/dispatcher.rb:114:in `call'
/usr/local/lib/ruby/gems/1.8/gems/actionpack-2.3.8/lib/action_controller/reloader.rb:34:in `run'
/usr/local/lib/ruby/gems/1.8/gems/actionpack-2.3.8/lib/action_controller/dispatcher.rb:108:in `call'
/usr/local/lib/ruby/gems/1.8/gems/rails-2.3.8/lib/rails/rack/static.rb:31:in `call'
/usr/local/lib/ruby/gems/1.8/gems/rack-1.1.0/lib/rack/urlmap.rb:47:in `call'
/usr/local/lib/ruby/gems/1.8/gems/rack-1.1.0/lib/rack/urlmap.rb:41:in `each'
/usr/local/lib/ruby/gems/1.8/gems/rack-1.1.0/lib/rack/urlmap.rb:41:in `call'
/usr/local/lib/ruby/gems/1.8/gems/rails-2.3.8/lib/rails/rack/log_tailer.rb:17:in `call'
/usr/local/lib/ruby/gems/1.8/gems/rack-1.1.0/lib/rack/content_length.rb:13:in `call'
/usr/local/lib/ruby/gems/1.8/gems/rack-1.1.0/lib/rack/chunked.rb:15:in `call'
/usr/local/lib/ruby/gems/1.8/gems/rack-1.1.0/lib/rack/handler/mongrel.rb:67:in `process'
/usr/local/lib/ruby/gems/1.8/gems/mongrel-1.1.5/lib/mongrel.rb:159:in `process_client'
/usr/local/lib/ruby/gems/1.8/gems/mongrel-1.1.5/lib/mongrel.rb:158:in `each'
/usr/local/lib/ruby/gems/1.8/gems/mongrel-1.1.5/lib/mongrel.rb:158:in `process_client'
/usr/local/lib/ruby/gems/1.8/gems/mongrel-1.1.5/lib/mongrel.rb:285:in `run'
/usr/local/lib/ruby/gems/1.8/gems/mongrel-1.1.5/lib/mongrel.rb:285:in `initialize'
/usr/local/lib/ruby/gems/1.8/gems/mongrel-1.1.5/lib/mongrel.rb:285:in `new'
/usr/local/lib/ruby/gems/1.8/gems/mongrel-1.1.5/lib/mongrel.rb:285:in `run'
/usr/local/lib/ruby/gems/1.8/gems/mongrel-1.1.5/lib/mongrel.rb:268:in `initialize'
/usr/local/lib/ruby/gems/1.8/gems/mongrel-1.1.5/lib/mongrel.rb:268:in `new'
/usr/local/lib/ruby/gems/1.8/gems/mongrel-1.1.5/lib/mongrel.rb:268:in `run'
/usr/local/lib/ruby/gems/1.8/gems/rack-1.1.0/lib/rack/handler/mongrel.rb:38:in `run'
/usr/local/lib/ruby/gems/1.8/gems/rails-2.3.8/lib/commands/server.rb:111
/usr/local/lib/ruby/site_ruby/1.8/rubygems/custom_require.rb:31:in `gem_original_require'
/usr/local/lib/ruby/site_ruby/1.8/rubygems/custom_require.rb:31:in `require'
script/server:3

ActionView::TemplateError (compile error
/Users/norman/Desktop/iplayer-sync/app/views/tweets/index.html.erb:2: syntax error, unexpected kENSURE, expecting ')'
/Users/norman/Desktop/iplayer-sync/app/views/tweets/index.html.erb:4: syntax error, unexpected kEND, expecting ')') on line #2 of app/views/tweets/index.html.erb:
1: <%= current_user#.twitter.get("/1/statuses/friends_timeline.json") %>

    app/views/tweets/index.html.erb:4:in `compile!'

Rendered rescues/_trace (54.9ms)
Rendered rescues/_request_and_response (0.3ms)
Rendering rescues/layout (internal_server_error)
  [4;36;1mSQL (0.1ms)[0m   [0;1mSET NAMES 'utf8'[0m
  [4;35;1mSQL (0.2ms)[0m   [0mSET SQL_AUTO_IS_NULL=0[0m


Processing TweetsController#index (for 127.0.0.1 at 2010-06-12 20:41:28) [GET]
  [4;36;1mUser Columns (3.1ms)[0m   [0;1mSHOW FIELDS FROM `users`[0m
  [4;35;1mUser Load (0.5ms)[0m   [0mSELECT * FROM `users` WHERE (`users`.`id` = 1) LIMIT 1[0m
Rendering tweets/index
ERROR: compiling _run_erb_app47views47tweets47index46html46erb RAISED compile error
/Users/norman/Desktop/iplayer-sync/app/views/tweets/index.html.erb:2: syntax error, unexpected kENSURE, expecting ')'
/Users/norman/Desktop/iplayer-sync/app/views/tweets/index.html.erb:4: syntax error, unexpected kEND, expecting ')'
Function body:           def _run_erb_app47views47tweets47index46html46erb(local_assigns)
            old_output_buffer = output_buffer;;@output_buffer = '';  __in_erb_template=true ; @output_buffer.concat(( current_user #.twitter.get("/1/statuses/friends_timeline.json") ).to_s); @output_buffer
          ensure
            self.output_buffer = old_output_buffer
          end
Backtrace: /Users/norman/Desktop/iplayer-sync/app/views/tweets/index.html.erb:4:in `compile!'
/usr/local/lib/ruby/gems/1.8/gems/actionpack-2.3.8/lib/action_view/renderable.rb:61:in `compile'
/usr/local/lib/ruby/gems/1.8/gems/actionpack-2.3.8/lib/action_view/renderable.rb:28:in `render'
/usr/local/lib/ruby/gems/1.8/gems/actionpack-2.3.8/lib/action_view/template.rb:205:in `render_template'
/usr/local/lib/ruby/gems/1.8/gems/actionpack-2.3.8/lib/action_view/base.rb:265:in `render'
/usr/local/lib/ruby/gems/1.8/gems/actionpack-2.3.8/lib/action_controller/base.rb:1250:in `render_for_file'
/usr/local/lib/ruby/gems/1.8/gems/actionpack-2.3.8/lib/action_controller/base.rb:936:in `render_without_benchmark'
/usr/local/lib/ruby/gems/1.8/gems/actionpack-2.3.8/lib/action_controller/benchmarking.rb:51:in `render'
/usr/local/lib/ruby/gems/1.8/gems/activesupport-2.3.8/lib/active_support/core_ext/benchmark.rb:17:in `ms'
/usr/local/lib/ruby/1.8/benchmark.rb:308:in `realtime'
/usr/local/lib/ruby/gems/1.8/gems/activesupport-2.3.8/lib/active_support/core_ext/benchmark.rb:17:in `ms'
/usr/local/lib/ruby/gems/1.8/gems/actionpack-2.3.8/lib/action_controller/benchmarking.rb:51:in `render'
/usr/local/lib/ruby/gems/1.8/gems/actionpack-2.3.8/lib/action_controller/base.rb:1326:in `default_render'
/usr/local/lib/ruby/gems/1.8/gems/actionpack-2.3.8/lib/action_controller/base.rb:1332:in `perform_action_without_filters'
/usr/local/lib/ruby/gems/1.8/gems/actionpack-2.3.8/lib/action_controller/filters.rb:617:in `call_filters'
/usr/local/lib/ruby/gems/1.8/gems/actionpack-2.3.8/lib/action_controller/filters.rb:610:in `perform_action_without_benchmark'
/usr/local/lib/ruby/gems/1.8/gems/actionpack-2.3.8/lib/action_controller/benchmarking.rb:68:in `perform_action_without_rescue'
/usr/local/lib/ruby/gems/1.8/gems/activesupport-2.3.8/lib/active_support/core_ext/benchmark.rb:17:in `ms'
/usr/local/lib/ruby/1.8/benchmark.rb:308:in `realtime'
/usr/local/lib/ruby/gems/1.8/gems/activesupport-2.3.8/lib/active_support/core_ext/benchmark.rb:17:in `ms'
/usr/local/lib/ruby/gems/1.8/gems/actionpack-2.3.8/lib/action_controller/benchmarking.rb:68:in `perform_action_without_rescue'
/usr/local/lib/ruby/gems/1.8/gems/actionpack-2.3.8/lib/action_controller/rescue.rb:160:in `perform_action_without_flash'
/usr/local/lib/ruby/gems/1.8/gems/actionpack-2.3.8/lib/action_controller/flash.rb:151:in `perform_action'
/usr/local/lib/ruby/gems/1.8/gems/actionpack-2.3.8/lib/action_controller/base.rb:532:in `send'
/usr/local/lib/ruby/gems/1.8/gems/actionpack-2.3.8/lib/action_controller/base.rb:532:in `process_without_filters'
/usr/local/lib/ruby/gems/1.8/gems/actionpack-2.3.8/lib/action_controller/filters.rb:606:in `process'
/usr/local/lib/ruby/gems/1.8/gems/actionpack-2.3.8/lib/action_controller/base.rb:391:in `process'
/usr/local/lib/ruby/gems/1.8/gems/actionpack-2.3.8/lib/action_controller/base.rb:386:in `call'
/usr/local/lib/ruby/gems/1.8/gems/actionpack-2.3.8/lib/action_controller/routing/route_set.rb:438:in `call'
/usr/local/lib/ruby/gems/1.8/gems/actionpack-2.3.8/lib/action_controller/dispatcher.rb:87:in `dispatch'
/usr/local/lib/ruby/gems/1.8/gems/actionpack-2.3.8/lib/action_controller/dispatcher.rb:121:in `_call'
/usr/local/lib/ruby/gems/1.8/gems/actionpack-2.3.8/lib/action_controller/dispatcher.rb:130:in `build_middleware_stack'
/usr/local/lib/ruby/gems/1.8/gems/activerecord-2.3.8/lib/active_record/query_cache.rb:29:in `call'
/usr/local/lib/ruby/gems/1.8/gems/activerecord-2.3.8/lib/active_record/query_cache.rb:29:in `call'
/usr/local/lib/ruby/gems/1.8/gems/activerecord-2.3.8/lib/active_record/connection_adapters/abstract/query_cache.rb:34:in `cache'
/usr/local/lib/ruby/gems/1.8/gems/activerecord-2.3.8/lib/active_record/query_cache.rb:9:in `cache'
/usr/local/lib/ruby/gems/1.8/gems/activerecord-2.3.8/lib/active_record/query_cache.rb:28:in `call'
/usr/local/lib/ruby/gems/1.8/gems/activerecord-2.3.8/lib/active_record/connection_adapters/abstract/connection_pool.rb:361:in `call'
/usr/local/lib/ruby/gems/1.8/gems/actionpack-2.3.8/lib/action_controller/string_coercion.rb:25:in `call'
/usr/local/lib/ruby/gems/1.8/gems/rack-1.1.0/lib/rack/head.rb:9:in `call'
/usr/local/lib/ruby/gems/1.8/gems/rack-1.1.0/lib/rack/methodoverride.rb:24:in `call'
/usr/local/lib/ruby/gems/1.8/gems/actionpack-2.3.8/lib/action_controller/params_parser.rb:15:in `call'
/usr/local/lib/ruby/gems/1.8/gems/actionpack-2.3.8/lib/action_controller/session/cookie_store.rb:99:in `call'
/usr/local/lib/ruby/gems/1.8/gems/actionpack-2.3.8/lib/action_controller/failsafe.rb:26:in `call'
/usr/local/lib/ruby/gems/1.8/gems/rack-1.1.0/lib/rack/lock.rb:11:in `call'
/usr/local/lib/ruby/gems/1.8/gems/rack-1.1.0/lib/rack/lock.rb:11:in `synchronize'
/usr/local/lib/ruby/gems/1.8/gems/rack-1.1.0/lib/rack/lock.rb:11:in `call'
/usr/local/lib/ruby/gems/1.8/gems/actionpack-2.3.8/lib/action_controller/dispatcher.rb:114:in `call'
/usr/local/lib/ruby/gems/1.8/gems/actionpack-2.3.8/lib/action_controller/reloader.rb:34:in `run'
/usr/local/lib/ruby/gems/1.8/gems/actionpack-2.3.8/lib/action_controller/dispatcher.rb:108:in `call'
/usr/local/lib/ruby/gems/1.8/gems/rails-2.3.8/lib/rails/rack/static.rb:31:in `call'
/usr/local/lib/ruby/gems/1.8/gems/rack-1.1.0/lib/rack/urlmap.rb:47:in `call'
/usr/local/lib/ruby/gems/1.8/gems/rack-1.1.0/lib/rack/urlmap.rb:41:in `each'
/usr/local/lib/ruby/gems/1.8/gems/rack-1.1.0/lib/rack/urlmap.rb:41:in `call'
/usr/local/lib/ruby/gems/1.8/gems/rails-2.3.8/lib/rails/rack/log_tailer.rb:17:in `call'
/usr/local/lib/ruby/gems/1.8/gems/rack-1.1.0/lib/rack/content_length.rb:13:in `call'
/usr/local/lib/ruby/gems/1.8/gems/rack-1.1.0/lib/rack/chunked.rb:15:in `call'
/usr/local/lib/ruby/gems/1.8/gems/rack-1.1.0/lib/rack/handler/mongrel.rb:67:in `process'
/usr/local/lib/ruby/gems/1.8/gems/mongrel-1.1.5/lib/mongrel.rb:159:in `process_client'
/usr/local/lib/ruby/gems/1.8/gems/mongrel-1.1.5/lib/mongrel.rb:158:in `each'
/usr/local/lib/ruby/gems/1.8/gems/mongrel-1.1.5/lib/mongrel.rb:158:in `process_client'
/usr/local/lib/ruby/gems/1.8/gems/mongrel-1.1.5/lib/mongrel.rb:285:in `run'
/usr/local/lib/ruby/gems/1.8/gems/mongrel-1.1.5/lib/mongrel.rb:285:in `initialize'
/usr/local/lib/ruby/gems/1.8/gems/mongrel-1.1.5/lib/mongrel.rb:285:in `new'
/usr/local/lib/ruby/gems/1.8/gems/mongrel-1.1.5/lib/mongrel.rb:285:in `run'
/usr/local/lib/ruby/gems/1.8/gems/mongrel-1.1.5/lib/mongrel.rb:268:in `initialize'
/usr/local/lib/ruby/gems/1.8/gems/mongrel-1.1.5/lib/mongrel.rb:268:in `new'
/usr/local/lib/ruby/gems/1.8/gems/mongrel-1.1.5/lib/mongrel.rb:268:in `run'
/usr/local/lib/ruby/gems/1.8/gems/rack-1.1.0/lib/rack/handler/mongrel.rb:38:in `run'
/usr/local/lib/ruby/gems/1.8/gems/rails-2.3.8/lib/commands/server.rb:111
/usr/local/lib/ruby/site_ruby/1.8/rubygems/custom_require.rb:31:in `gem_original_require'
/usr/local/lib/ruby/site_ruby/1.8/rubygems/custom_require.rb:31:in `require'
script/server:3

ActionView::TemplateError (compile error
/Users/norman/Desktop/iplayer-sync/app/views/tweets/index.html.erb:2: syntax error, unexpected kENSURE, expecting ')'
/Users/norman/Desktop/iplayer-sync/app/views/tweets/index.html.erb:4: syntax error, unexpected kEND, expecting ')') on line #2 of app/views/tweets/index.html.erb:
1: <%= current_user #.twitter.get("/1/statuses/friends_timeline.json") %>

    app/views/tweets/index.html.erb:4:in `compile!'

Rendered rescues/_trace (151.6ms)
Rendered rescues/_request_and_response (0.4ms)
Rendering rescues/layout (internal_server_error)
  [4;36;1mSQL (0.1ms)[0m   [0;1mSET NAMES 'utf8'[0m
  [4;35;1mSQL (0.1ms)[0m   [0mSET SQL_AUTO_IS_NULL=0[0m


Processing TweetsController#index (for 127.0.0.1 at 2010-06-12 20:41:38) [GET]
  [4;36;1mUser Columns (3.1ms)[0m   [0;1mSHOW FIELDS FROM `users`[0m
  [4;35;1mUser Load (0.2ms)[0m   [0mSELECT * FROM `users` WHERE (`users`.`id` = 1) LIMIT 1[0m
Rendering tweets/index
Completed in 18ms (View: 6, DB: 3) | 200 OK [http://localhost/tweets]
  [4;36;1mSQL (0.1ms)[0m   [0;1mSET NAMES 'utf8'[0m
  [4;35;1mSQL (0.1ms)[0m   [0mSET SQL_AUTO_IS_NULL=0[0m


Processing TweetsController#index (for 127.0.0.1 at 2010-06-12 20:41:41) [GET]
  [4;36;1mUser Columns (3.2ms)[0m   [0;1mSHOW FIELDS FROM `users`[0m
  [4;35;1mUser Load (0.2ms)[0m   [0mSELECT * FROM `users` WHERE (`users`.`id` = 1) LIMIT 1[0m
Rendering tweets/index
Completed in 19ms (View: 7, DB: 4) | 200 OK [http://localhost/tweets]
  [4;36;1mSQL (0.1ms)[0m   [0;1mSET NAMES 'utf8'[0m
  [4;35;1mSQL (0.1ms)[0m   [0mSET SQL_AUTO_IS_NULL=0[0m


Processing TweetsController#index (for 127.0.0.1 at 2010-06-12 20:41:47) [GET]
  [4;36;1mUser Columns (3.2ms)[0m   [0;1mSHOW FIELDS FROM `users`[0m
  [4;35;1mUser Load (0.2ms)[0m   [0mSELECT * FROM `users` WHERE (`users`.`id` = 1) LIMIT 1[0m
Rendering tweets/index
Completed in 23ms (View: 11, DB: 4) | 200 OK [http://localhost/tweets]
  [4;36;1mSQL (0.1ms)[0m   [0;1mSET NAMES 'utf8'[0m
  [4;35;1mSQL (0.1ms)[0m   [0mSET SQL_AUTO_IS_NULL=0[0m


Processing TweetsController#index (for 127.0.0.1 at 2010-06-12 20:41:51) [GET]
  [4;36;1mUser Columns (3.7ms)[0m   [0;1mSHOW FIELDS FROM `users`[0m
  [4;35;1mUser Load (0.3ms)[0m   [0mSELECT * FROM `users` WHERE (`users`.`id` = 1) LIMIT 1[0m
Rendering tweets/index

ActionView::TemplateError (undefined method `username' for #<User:0x238e0bc>) on line #1 of app/views/tweets/index.html.erb:
1: <%= current_user.username %>  <%#.twitter.get("/1/statuses/friends_timeline.json") %>

    app/views/tweets/index.html.erb:1

Rendered rescues/_trace (57.7ms)
Rendered rescues/_request_and_response (0.3ms)
Rendering rescues/layout (internal_server_error)
  [4;36;1mSQL (0.1ms)[0m   [0;1mSET NAMES 'utf8'[0m
  [4;35;1mSQL (0.1ms)[0m   [0mSET SQL_AUTO_IS_NULL=0[0m


Processing TweetsController#index (for 127.0.0.1 at 2010-06-12 20:41:55) [GET]
  [4;36;1mUser Columns (3.6ms)[0m   [0;1mSHOW FIELDS FROM `users`[0m
  [4;35;1mUser Load (0.2ms)[0m   [0mSELECT * FROM `users` WHERE (`users`.`id` = 1) LIMIT 1[0m
Rendering tweets/index

ActionView::TemplateError (undefined method `user' for #<User:0x2569850>) on line #1 of app/views/tweets/index.html.erb:
1: <%= current_user.user %>  <%#.twitter.get("/1/statuses/friends_timeline.json") %>

    app/views/tweets/index.html.erb:1

Rendered rescues/_trace (50.8ms)
Rendered rescues/_request_and_response (0.4ms)
Rendering rescues/layout (internal_server_error)
  [4;36;1mSQL (0.1ms)[0m   [0;1mSET NAMES 'utf8'[0m
  [4;35;1mSQL (0.1ms)[0m   [0mSET SQL_AUTO_IS_NULL=0[0m


Processing TweetsController#index (for 127.0.0.1 at 2010-06-12 20:42:01) [GET]
  [4;36;1mUser Columns (3.3ms)[0m   [0;1mSHOW FIELDS FROM `users`[0m
  [4;35;1mUser Load (0.2ms)[0m   [0mSELECT * FROM `users` WHERE (`users`.`id` = 1) LIMIT 1[0m
Rendering tweets/index
Completed in 23ms (View: 11, DB: 4) | 200 OK [http://localhost/tweets]
  [4;36;1mSQL (0.1ms)[0m   [0;1mSET NAMES 'utf8'[0m
  [4;35;1mSQL (0.1ms)[0m   [0mSET SQL_AUTO_IS_NULL=0[0m


Processing TweetsController#index (for 127.0.0.1 at 2010-06-12 20:42:06) [GET]
  [4;36;1mUser Columns (3.1ms)[0m   [0;1mSHOW FIELDS FROM `users`[0m
  [4;35;1mUser Load (0.2ms)[0m   [0mSELECT * FROM `users` WHERE (`users`.`id` = 1) LIMIT 1[0m
Rendering tweets/index
Completed in 24ms (View: 13, DB: 4) | 200 OK [http://localhost/tweets]
  [4;36;1mSQL (0.1ms)[0m   [0;1mSET NAMES 'utf8'[0m
  [4;35;1mSQL (0.1ms)[0m   [0mSET SQL_AUTO_IS_NULL=0[0m


Processing TweetsController#index (for 127.0.0.1 at 2010-06-12 20:42:28) [GET]
  [4;36;1mUser Columns (36.1ms)[0m   [0;1mSHOW FIELDS FROM `users`[0m
  [4;35;1mUser Load (0.2ms)[0m   [0mSELECT * FROM `users` WHERE (`users`.`id` = 1) LIMIT 1[0m
Rendering tweets/index

ActionView::TemplateError (An error occurred processing your Twitter request.) on line #1 of app/views/tweets/index.html.erb:
1: <%=h current_user.twitter.get("/1/statuses/friends_timeline") %>

    /usr/local/lib/ruby/gems/1.8/gems/twitter-auth-0.1.22/lib/twitter_auth/dispatcher/shared.rb:35:in `handle_response'
    /usr/local/lib/ruby/gems/1.8/gems/twitter-auth-0.1.22/lib/twitter_auth/dispatcher/oauth.rb:22:in `request'
    oauth (0.4.0) lib/oauth/tokens/access_token.rb:24:in `get'
    app/views/tweets/index.html.erb:1

Rendered rescues/_trace (160.3ms)
Rendered rescues/_request_and_response (0.3ms)
Rendering rescues/layout (internal_server_error)
  [4;36;1mSQL (0.1ms)[0m   [0;1mSET NAMES 'utf8'[0m
  [4;35;1mSQL (0.2ms)[0m   [0mSET SQL_AUTO_IS_NULL=0[0m


Processing TweetsController#index (for 127.0.0.1 at 2010-06-12 20:42:45) [GET]
  [4;36;1mUser Columns (3.4ms)[0m   [0;1mSHOW FIELDS FROM `users`[0m
  [4;35;1mUser Load (0.2ms)[0m   [0mSELECT * FROM `users` WHERE (`users`.`id` = 1) LIMIT 1[0m
Rendering tweets/index
Completed in 930ms (View: 918, DB: 4) | 200 OK [http://localhost/tweets]
  [4;36;1mSQL (0.2ms)[0m   [0;1mSET NAMES 'utf8'[0m
  [4;35;1mSQL (0.1ms)[0m   [0mSET SQL_AUTO_IS_NULL=0[0m


Processing TweetsController#index (for 127.0.0.1 at 2010-06-12 20:43:03) [GET]
  [4;36;1mUser Columns (3.3ms)[0m   [0;1mSHOW FIELDS FROM `users`[0m
  [4;35;1mUser Load (0.5ms)[0m   [0mSELECT * FROM `users` WHERE (`users`.`id` = 1) LIMIT 1[0m
Rendering tweets/index
Completed in 910ms (View: 897, DB: 4) | 200 OK [http://localhost/tweets]
  [4;36;1mSQL (0.1ms)[0m   [0;1mSET NAMES 'utf8'[0m
  [4;35;1mSQL (0.1ms)[0m   [0mSET SQL_AUTO_IS_NULL=0[0m


Processing TweetsController#index (for 127.0.0.1 at 2010-06-12 20:43:45) [GET]
  [4;36;1mUser Columns (3.0ms)[0m   [0;1mSHOW FIELDS FROM `users`[0m
  [4;35;1mUser Load (0.2ms)[0m   [0mSELECT * FROM `users` WHERE (`users`.`id` = 1) LIMIT 1[0m
Rendering tweets/index
Completed in 948ms (View: 936, DB: 3) | 200 OK [http://localhost/tweets]
  [4;36;1mSQL (0.1ms)[0m   [0;1mSET NAMES 'utf8'[0m
  [4;35;1mSQL (0.1ms)[0m   [0mSET SQL_AUTO_IS_NULL=0[0m


Processing TweetsController#index (for 127.0.0.1 at 2010-06-12 20:43:51) [GET]
  [4;36;1mUser Columns (4.2ms)[0m   [0;1mSHOW FIELDS FROM `users`[0m
  [4;35;1mUser Load (0.3ms)[0m   [0mSELECT * FROM `users` WHERE (`users`.`id` = 1) LIMIT 1[0m
Rendering tweets/index
Completed in 915ms (View: 901, DB: 5) | 200 OK [http://localhost/tweets]
  [4;36;1mSQL (0.1ms)[0m   [0;1mSET NAMES 'utf8'[0m
  [4;35;1mSQL (0.2ms)[0m   [0mSET SQL_AUTO_IS_NULL=0[0m


Processing TweetsController#index (for 127.0.0.1 at 2010-06-12 20:44:01) [GET]
  [4;36;1mUser Columns (3.2ms)[0m   [0;1mSHOW FIELDS FROM `users`[0m
  [4;35;1mUser Load (0.2ms)[0m   [0mSELECT * FROM `users` WHERE (`users`.`id` = 1) LIMIT 1[0m
Rendering tweets/index
Completed in 1288ms (View: 1277, DB: 4) | 200 OK [http://localhost/tweets]
  [4;36;1mSQL (0.3ms)[0m   [0;1mSET NAMES 'utf8'[0m
  [4;35;1mSQL (0.2ms)[0m   [0mSET SQL_AUTO_IS_NULL=0[0m


Processing TweetsController#index (for 127.0.0.1 at 2010-06-12 20:44:04) [GET]
  [4;36;1mUser Columns (3.6ms)[0m   [0;1mSHOW FIELDS FROM `users`[0m
  [4;35;1mUser Load (0.4ms)[0m   [0mSELECT * FROM `users` WHERE (`users`.`id` = 1) LIMIT 1[0m
Rendering tweets/index
Completed in 912ms (View: 898, DB: 4) | 200 OK [http://localhost/tweets]
  [4;36;1mSQL (0.1ms)[0m   [0;1mSET NAMES 'utf8'[0m
  [4;35;1mSQL (0.1ms)[0m   [0mSET SQL_AUTO_IS_NULL=0[0m


Processing TweetsController#index (for 127.0.0.1 at 2010-06-12 20:57:39) [GET]
  [4;36;1mUser Columns (3.7ms)[0m   [0;1mSHOW FIELDS FROM `users`[0m
  [4;35;1mUser Load (0.6ms)[0m   [0mSELECT * FROM `users` WHERE (`users`.`id` = 1) LIMIT 1[0m

TypeError (can't dup NilClass):
  /usr/local/lib/ruby/1.8/date/format.rb:1055:in `dup'
  /usr/local/lib/ruby/1.8/date/format.rb:1055:in `_parse'
  /usr/local/lib/ruby/1.8/time.rb:240:in `parse'
  app/controllers/tweets_controller.rb:4:in `index'

Rendered rescues/_trace (42.0ms)
Rendered rescues/_request_and_response (0.3ms)
Rendering rescues/layout (internal_server_error)
  [4;36;1mSQL (0.1ms)[0m   [0;1mSET NAMES 'utf8'[0m
  [4;35;1mSQL (0.1ms)[0m   [0mSET SQL_AUTO_IS_NULL=0[0m


Processing TweetsController#index (for 127.0.0.1 at 2010-06-12 20:57:40) [GET]
  [4;36;1mUser Columns (3.8ms)[0m   [0;1mSHOW FIELDS FROM `users`[0m
  [4;35;1mUser Load (0.2ms)[0m   [0mSELECT * FROM `users` WHERE (`users`.`id` = 1) LIMIT 1[0m

TypeError (can't dup NilClass):
  /usr/local/lib/ruby/1.8/date/format.rb:1055:in `dup'
  /usr/local/lib/ruby/1.8/date/format.rb:1055:in `_parse'
  /usr/local/lib/ruby/1.8/time.rb:240:in `parse'
  app/controllers/tweets_controller.rb:4:in `index'

Rendered rescues/_trace (44.7ms)
Rendered rescues/_request_and_response (0.3ms)
Rendering rescues/layout (internal_server_error)
  [4;36;1mSQL (0.1ms)[0m   [0;1mSET NAMES 'utf8'[0m
  [4;35;1mSQL (0.1ms)[0m   [0mSET SQL_AUTO_IS_NULL=0[0m


Processing TweetsController#index (for 127.0.0.1 at 2010-06-12 20:57:40) [GET]
  [4;36;1mUser Columns (2.9ms)[0m   [0;1mSHOW FIELDS FROM `users`[0m
  [4;35;1mUser Load (1.6ms)[0m   [0mSELECT * FROM `users` WHERE (`users`.`id` = 1) LIMIT 1[0m

TypeError (can't dup NilClass):
  /usr/local/lib/ruby/1.8/date/format.rb:1055:in `dup'
  /usr/local/lib/ruby/1.8/date/format.rb:1055:in `_parse'
  /usr/local/lib/ruby/1.8/time.rb:240:in `parse'
  app/controllers/tweets_controller.rb:4:in `index'

Rendered rescues/_trace (156.2ms)
Rendered rescues/_request_and_response (0.5ms)
Rendering rescues/layout (internal_server_error)
  [4;36;1mSQL (0.3ms)[0m   [0;1mSET NAMES 'utf8'[0m
  [4;35;1mSQL (0.1ms)[0m   [0mSET SQL_AUTO_IS_NULL=0[0m


Processing TweetsController#index (for 127.0.0.1 at 2010-06-12 20:59:40) [GET]
  Parameters: {"end"=>"2010-1-11", "start"=>"2010-1-10"}
  [4;36;1mUser Columns (79.1ms)[0m   [0;1mSHOW FIELDS FROM `users`[0m
  [4;35;1mUser Load (0.2ms)[0m   [0mSELECT * FROM `users` WHERE (`users`.`id` = 1) LIMIT 1[0m

NameError (undefined local variable or method `url' for #<TweetsController::Tweenumerator:0x24457bc>):
  app/controllers/tweets_controller.rb:21:in `each'
  app/controllers/tweets_controller.rb:6:in `index'

Rendered rescues/_trace (42.9ms)
Rendered rescues/_request_and_response (0.4ms)
Rendering rescues/layout (internal_server_error)
  [4;36;1mSQL (0.1ms)[0m   [0;1mSET NAMES 'utf8'[0m
  [4;35;1mSQL (0.1ms)[0m   [0mSET SQL_AUTO_IS_NULL=0[0m


Processing TweetsController#index (for 127.0.0.1 at 2010-06-12 20:59:54) [GET]
  Parameters: {"end"=>"2010-1-11", "start"=>"2010-1-10"}
  [4;36;1mUser Columns (3.1ms)[0m   [0;1mSHOW FIELDS FROM `users`[0m
  [4;35;1mUser Load (0.2ms)[0m   [0mSELECT * FROM `users` WHERE (`users`.`id` = 1) LIMIT 1[0m

NoMethodError (undefined method `get' for #<User:0x2360b30>):
  app/controllers/tweets_controller.rb:21:in `each'
  app/controllers/tweets_controller.rb:6:in `index'

Rendered rescues/_trace (42.3ms)
Rendered rescues/_request_and_response (0.4ms)
Rendering rescues/layout (internal_server_error)
  [4;36;1mSQL (0.1ms)[0m   [0;1mSET NAMES 'utf8'[0m
  [4;35;1mSQL (0.1ms)[0m   [0mSET SQL_AUTO_IS_NULL=0[0m


Processing TweetsController#index (for 127.0.0.1 at 2010-06-12 20:59:55) [GET]
  Parameters: {"end"=>"2010-1-11", "start"=>"2010-1-10"}
  [4;36;1mUser Columns (3.2ms)[0m   [0;1mSHOW FIELDS FROM `users`[0m
  [4;35;1mUser Load (0.2ms)[0m   [0mSELECT * FROM `users` WHERE (`users`.`id` = 1) LIMIT 1[0m

NoMethodError (undefined method `get' for #<User:0x224857c>):
  app/controllers/tweets_controller.rb:21:in `each'
  app/controllers/tweets_controller.rb:6:in `index'

Rendered rescues/_trace (166.9ms)
Rendered rescues/_request_and_response (0.4ms)
Rendering rescues/layout (internal_server_error)
  [4;36;1mSQL (0.1ms)[0m   [0;1mSET NAMES 'utf8'[0m
  [4;35;1mSQL (0.1ms)[0m   [0mSET SQL_AUTO_IS_NULL=0[0m


Processing TweetsController#index (for 127.0.0.1 at 2010-06-12 20:59:55) [GET]
  Parameters: {"end"=>"2010-1-11", "start"=>"2010-1-10"}
  [4;36;1mUser Columns (3.0ms)[0m   [0;1mSHOW FIELDS FROM `users`[0m
  [4;35;1mUser Load (0.3ms)[0m   [0mSELECT * FROM `users` WHERE (`users`.`id` = 1) LIMIT 1[0m

NoMethodError (undefined method `get' for #<User:0x243086c>):
  app/controllers/tweets_controller.rb:21:in `each'
  app/controllers/tweets_controller.rb:6:in `index'

Rendered rescues/_trace (57.8ms)
Rendered rescues/_request_and_response (0.4ms)
Rendering rescues/layout (internal_server_error)
  [4;36;1mSQL (0.1ms)[0m   [0;1mSET NAMES 'utf8'[0m
  [4;35;1mSQL (0.1ms)[0m   [0mSET SQL_AUTO_IS_NULL=0[0m


Processing TweetsController#index (for 127.0.0.1 at 2010-06-12 21:00:05) [GET]
  Parameters: {"end"=>"2010-1-11", "start"=>"2010-1-10"}
  [4;36;1mUser Columns (31.2ms)[0m   [0;1mSHOW FIELDS FROM `users`[0m
  [4;35;1mUser Load (0.2ms)[0m   [0mSELECT * FROM `users` WHERE (`users`.`id` = 1) LIMIT 1[0m

NoMethodError (undefined method `downcase' for :page:Symbol):
  /usr/local/lib/ruby/1.8/net/http.rb:1252:in `key?'
  /usr/local/lib/ruby/1.8/net/http.rb:1141:in `initialize_http_header'
  /usr/local/lib/ruby/1.8/net/http.rb:1140:in `each'
  /usr/local/lib/ruby/1.8/net/http.rb:1140:in `initialize_http_header'
  /usr/local/lib/ruby/1.8/net/http.rb:1472:in `initialize'
  /usr/local/lib/ruby/1.8/net/http.rb:1588:in `initialize'
  oauth (0.4.0) lib/oauth/consumer.rb:328:in `new'
  oauth (0.4.0) lib/oauth/consumer.rb:328:in `create_http_request'
  oauth (0.4.0) lib/oauth/consumer.rb:188:in `create_signed_request'
  oauth (0.4.0) lib/oauth/consumer.rb:159:in `request'
  oauth (0.4.0) lib/oauth/tokens/consumer_token.rb:25:in `request'
  oauth (0.4.0) lib/oauth/tokens/access_token.rb:11:in `request'
  /usr/local/lib/ruby/gems/1.8/gems/twitter-auth-0.1.22/lib/twitter_auth/dispatcher/oauth.rb:20:in `request'
  oauth (0.4.0) lib/oauth/tokens/access_token.rb:24:in `get'
  app/controllers/tweets_controller.rb:21:in `each'
  app/controllers/tweets_controller.rb:6:in `index'

Rendered rescues/_trace (50.5ms)
Rendered rescues/_request_and_response (0.4ms)
Rendering rescues/layout (internal_server_error)
  [4;36;1mSQL (0.2ms)[0m   [0;1mSET NAMES 'utf8'[0m
  [4;35;1mSQL (0.1ms)[0m   [0mSET SQL_AUTO_IS_NULL=0[0m


Processing TweetsController#index (for 127.0.0.1 at 2010-06-12 21:00:11) [GET]
  Parameters: {"end"=>"2010-1-11", "start"=>"2010-1-10"}
  [4;36;1mUser Columns (3.1ms)[0m   [0;1mSHOW FIELDS FROM `users`[0m
  [4;35;1mUser Load (0.2ms)[0m   [0mSELECT * FROM `users` WHERE (`users`.`id` = 1) LIMIT 1[0m

NoMethodError (undefined method `strip' for 1:Fixnum):
  /usr/local/lib/ruby/1.8/net/http.rb:1142:in `initialize_http_header'
  /usr/local/lib/ruby/1.8/net/http.rb:1140:in `each'
  /usr/local/lib/ruby/1.8/net/http.rb:1140:in `initialize_http_header'
  /usr/local/lib/ruby/1.8/net/http.rb:1472:in `initialize'
  /usr/local/lib/ruby/1.8/net/http.rb:1588:in `initialize'
  oauth (0.4.0) lib/oauth/consumer.rb:328:in `new'
  oauth (0.4.0) lib/oauth/consumer.rb:328:in `create_http_request'
  oauth (0.4.0) lib/oauth/consumer.rb:188:in `create_signed_request'
  oauth (0.4.0) lib/oauth/consumer.rb:159:in `request'
  oauth (0.4.0) lib/oauth/tokens/consumer_token.rb:25:in `request'
  oauth (0.4.0) lib/oauth/tokens/access_token.rb:11:in `request'
  /usr/local/lib/ruby/gems/1.8/gems/twitter-auth-0.1.22/lib/twitter_auth/dispatcher/oauth.rb:20:in `request'
  oauth (0.4.0) lib/oauth/tokens/access_token.rb:24:in `get'
  app/controllers/tweets_controller.rb:21:in `each'
  app/controllers/tweets_controller.rb:6:in `index'

Rendered rescues/_trace (49.9ms)
Rendered rescues/_request_and_response (0.5ms)
Rendering rescues/layout (internal_server_error)
  [4;36;1mSQL (0.2ms)[0m   [0;1mSET NAMES 'utf8'[0m
  [4;35;1mSQL (0.1ms)[0m   [0mSET SQL_AUTO_IS_NULL=0[0m


Processing TweetsController#index (for 127.0.0.1 at 2010-06-12 21:00:16) [GET]
  Parameters: {"end"=>"2010-1-11", "start"=>"2010-1-10"}
  [4;36;1mUser Columns (3.1ms)[0m   [0;1mSHOW FIELDS FROM `users`[0m
  [4;35;1mUser Load (0.2ms)[0m   [0mSELECT * FROM `users` WHERE (`users`.`id` = 1) LIMIT 1[0m
** TwitterAuth initialized properly.
  [4;36;1mSQL (0.2ms)[0m   [0;1mSET NAMES 'utf8'[0m
  [4;35;1mSQL (0.1ms)[0m   [0mSET SQL_AUTO_IS_NULL=0[0m


Processing TweetsController#index (for 127.0.0.1 at 2010-06-12 21:01:14) [GET]
  Parameters: {"end"=>"2010-1-11", "start"=>"2010-1-10"}
  [4;36;1mUser Columns (3.0ms)[0m   [0;1mSHOW FIELDS FROM `users`[0m
  [4;35;1mUser Load (0.2ms)[0m   [0mSELECT * FROM `users` WHERE (`users`.`id` = 1) LIMIT 1[0m
** TwitterAuth initialized properly.
  [4;36;1mSQL (0.2ms)[0m   [0;1mSET NAMES 'utf8'[0m
  [4;35;1mSQL (0.1ms)[0m   [0mSET SQL_AUTO_IS_NULL=0[0m


Processing TweetsController#index (for 127.0.0.1 at 2010-06-12 21:01:33) [GET]
  Parameters: {"end"=>"2010-5-11", "start"=>"2010-5-10"}
  [4;36;1mUser Columns (78.8ms)[0m   [0;1mSHOW FIELDS FROM `users`[0m
  [4;35;1mUser Load (0.2ms)[0m   [0mSELECT * FROM `users` WHERE (`users`.`id` = 1) LIMIT 1[0m
** TwitterAuth initialized properly.
  [4;36;1mSQL (0.3ms)[0m   [0;1mSET NAMES 'utf8'[0m
  [4;35;1mSQL (0.1ms)[0m   [0mSET SQL_AUTO_IS_NULL=0[0m


Processing TweetsController#index (for 127.0.0.1 at 2010-06-12 21:02:40) [GET]
  Parameters: {"end"=>"2010-1-11", "start"=>"2010-1-10"}
  [4;36;1mUser Columns (4.0ms)[0m   [0;1mSHOW FIELDS FROM `users`[0m
  [4;35;1mUser Load (0.3ms)[0m   [0mSELECT * FROM `users` WHERE (`users`.`id` = 1) LIMIT 1[0m
** TwitterAuth initialized properly.
  [4;36;1mSQL (0.2ms)[0m   [0;1mSET NAMES 'utf8'[0m
  [4;35;1mSQL (0.1ms)[0m   [0mSET SQL_AUTO_IS_NULL=0[0m


Processing TweetsController#index (for 127.0.0.1 at 2010-06-12 21:05:22) [GET]
  Parameters: {"end"=>"2010-1-11", "start"=>"2010-1-10"}
  [4;36;1mUser Columns (3.2ms)[0m   [0;1mSHOW FIELDS FROM `users`[0m
  [4;35;1mUser Load (0.2ms)[0m   [0mSELECT * FROM `users` WHERE (`users`.`id` = 1) LIMIT 1[0m

NameError (undefined local variable or method `max_id' for #<TweetsController::Tweenumerator:0x25014d0>):
  app/controllers/tweets_controller.rb:21:in `each'
  app/controllers/tweets_controller.rb:6:in `index'

Rendered rescues/_trace (43.4ms)
Rendered rescues/_request_and_response (1.8ms)
Rendering rescues/layout (internal_server_error)
  [4;36;1mSQL (0.1ms)[0m   [0;1mSET NAMES 'utf8'[0m
  [4;35;1mSQL (0.1ms)[0m   [0mSET SQL_AUTO_IS_NULL=0[0m


Processing TweetsController#index (for 127.0.0.1 at 2010-06-12 21:05:31) [GET]
  Parameters: {"end"=>"2010-1-11", "start"=>"2010-1-10"}
  [4;36;1mUser Columns (3.1ms)[0m   [0;1mSHOW FIELDS FROM `users`[0m
  [4;35;1mUser Load (0.2ms)[0m   [0mSELECT * FROM `users` WHERE (`users`.`id` = 1) LIMIT 1[0m
** TwitterAuth initialized properly.
  [4;36;1mSQL (0.2ms)[0m   [0;1mSET NAMES 'utf8'[0m
  [4;35;1mSQL (0.1ms)[0m   [0mSET SQL_AUTO_IS_NULL=0[0m


Processing TweetsController#index (for 127.0.0.1 at 2010-06-12 21:09:03) [GET]
  Parameters: {"end"=>"2010-1-11", "start"=>"2010-1-10"}
  [4;36;1mUser Columns (5.4ms)[0m   [0;1mSHOW FIELDS FROM `users`[0m
  [4;35;1mUser Load (0.2ms)[0m   [0mSELECT * FROM `users` WHERE (`users`.`id` = 1) LIMIT 1[0m
** TwitterAuth initialized properly.
  [4;36;1mSQL (0.2ms)[0m   [0;1mSET NAMES 'utf8'[0m
  [4;35;1mSQL (0.1ms)[0m   [0mSET SQL_AUTO_IS_NULL=0[0m


Processing TweetsController#index (for 127.0.0.1 at 2010-06-12 21:09:21) [GET]
  Parameters: {"end"=>"2010-5-11", "start"=>"2010-5-10"}
  [4;36;1mUser Columns (3.2ms)[0m   [0;1mSHOW FIELDS FROM `users`[0m
  [4;35;1mUser Load (0.2ms)[0m   [0mSELECT * FROM `users` WHERE (`users`.`id` = 1) LIMIT 1[0m
Rendering tweets/index

ActionView::TemplateError (undefined method `[]' for Tue Jun 08 16:42:24 +0100 2010:Time) on line #2 of app/views/tweets/index.html.erb:
1: <% @results.each do |tweet| %>
2:   <li><%=h tweet["message"] %></li>
3: <% end %>

    app/views/tweets/index.html.erb:2
    app/views/tweets/index.html.erb:1:in `each'
    app/views/tweets/index.html.erb:1

Rendered rescues/_trace (141.2ms)
Rendered rescues/_request_and_response (1.9ms)
Rendering rescues/layout (internal_server_error)
  [4;36;1mSQL (0.1ms)[0m   [0;1mSET NAMES 'utf8'[0m
  [4;35;1mSQL (0.1ms)[0m   [0mSET SQL_AUTO_IS_NULL=0[0m


Processing TweetsController#index (for 127.0.0.1 at 2010-06-12 21:09:58) [GET]
  Parameters: {"end"=>"2010-5-11", "start"=>"2010-5-10"}
  [4;36;1mUser Columns (3.3ms)[0m   [0;1mSHOW FIELDS FROM `users`[0m
  [4;35;1mUser Load (0.2ms)[0m   [0mSELECT * FROM `users` WHERE (`users`.`id` = 1) LIMIT 1[0m
Rendering tweets/index
Completed in 18173ms (View: 7, DB: 4) | 200 OK [http://localhost/tweets?start=2010-5-10&end=2010-5-11]
  [4;36;1mSQL (0.1ms)[0m   [0;1mSET NAMES 'utf8'[0m
  [4;35;1mSQL (0.8ms)[0m   [0mSET SQL_AUTO_IS_NULL=0[0m


Processing TweetsController#index (for 127.0.0.1 at 2010-06-12 21:11:11) [GET]
  Parameters: {"end"=>"2010-5-11", "start"=>"2010-5-10"}
  [4;36;1mUser Columns (3.2ms)[0m   [0;1mSHOW FIELDS FROM `users`[0m
  [4;35;1mUser Load (0.2ms)[0m   [0mSELECT * FROM `users` WHERE (`users`.`id` = 1) LIMIT 1[0m
Rendering tweets/index
Completed in 14478ms (View: 14, DB: 4) | 200 OK [http://localhost/tweets?start=2010-5-10&end=2010-5-11]
  [4;36;1mSQL (0.5ms)[0m   [0;1mSET NAMES 'utf8'[0m
  [4;35;1mSQL (0.2ms)[0m   [0mSET SQL_AUTO_IS_NULL=0[0m


Processing TweetsController#index (for 127.0.0.1 at 2010-06-12 21:12:16) [GET]
  Parameters: {"end"=>"2010-5-11", "start"=>"2010-5-10"}
  [4;36;1mUser Columns (2.9ms)[0m   [0;1mSHOW FIELDS FROM `users`[0m
  [4;35;1mUser Load (0.2ms)[0m   [0mSELECT * FROM `users` WHERE (`users`.`id` = 1) LIMIT 1[0m
Rendering tweets/index
Completed in 15071ms (View: 13, DB: 4) | 200 OK [http://localhost/tweets?start=2010-5-10&end=2010-5-11]
  [4;36;1mSQL (0.1ms)[0m   [0;1mSET NAMES 'utf8'[0m
  [4;35;1mSQL (0.2ms)[0m   [0mSET SQL_AUTO_IS_NULL=0[0m


Processing TweetsController#index (for 127.0.0.1 at 2010-06-12 21:13:30) [GET]
  Parameters: {"end"=>"2010-5-11", "start"=>"2010-5-10"}
  [4;36;1mUser Columns (3.1ms)[0m   [0;1mSHOW FIELDS FROM `users`[0m
  [4;35;1mUser Load (0.2ms)[0m   [0mSELECT * FROM `users` WHERE (`users`.`id` = 1) LIMIT 1[0m
Rendering tweets/index
Completed in 14461ms (View: 114, DB: 4) | 200 OK [http://localhost/tweets?start=2010-5-10&end=2010-5-11]
  [4;36;1mSQL (0.1ms)[0m   [0;1mSET NAMES 'utf8'[0m
  [4;35;1mSQL (0.7ms)[0m   [0mSET SQL_AUTO_IS_NULL=0[0m


Processing TweetsController#index (for 127.0.0.1 at 2010-06-12 21:14:52) [GET]
  Parameters: {"end"=>"2010-5-11", "start"=>"2010-5-10"}
  [4;36;1mUser Columns (76.1ms)[0m   [0;1mSHOW FIELDS FROM `users`[0m
  [4;35;1mUser Load (0.2ms)[0m   [0mSELECT * FROM `users` WHERE (`users`.`id` = 1) LIMIT 1[0m
Rendering tweets/index
Completed in 14255ms (View: 22, DB: 77) | 200 OK [http://localhost/tweets?start=2010-5-10&end=2010-5-11]
  [4;36;1mSQL (0.1ms)[0m   [0;1mSET NAMES 'utf8'[0m
  [4;35;1mSQL (0.1ms)[0m   [0mSET SQL_AUTO_IS_NULL=0[0m


Processing TweetsController#index (for 127.0.0.1 at 2010-06-12 21:16:42) [GET]
  Parameters: {"end"=>"2010-5-11", "start"=>"2010-5-10"}
  [4;36;1mUser Columns (341.8ms)[0m   [0;1mSHOW FIELDS FROM `users`[0m
  [4;35;1mUser Load (0.2ms)[0m   [0mSELECT * FROM `users` WHERE (`users`.`id` = 1) LIMIT 1[0m
Rendering tweets/index
Completed in 13743ms (View: 1, DB: 342) | 200 OK [http://localhost/tweets?start=2010-5-10&end=2010-5-11]
  [4;36;1mSQL (0.4ms)[0m   [0;1mSET NAMES 'utf8'[0m
  [4;35;1mSQL (0.1ms)[0m   [0mSET SQL_AUTO_IS_NULL=0[0m


Processing TweetsController#index (for 127.0.0.1 at 2010-06-12 21:17:15) [GET]
  Parameters: {"end"=>"2010-5-11", "start"=>"2010-5-10"}
  [4;36;1mUser Columns (3.5ms)[0m   [0;1mSHOW FIELDS FROM `users`[0m
  [4;35;1mUser Load (0.2ms)[0m   [0mSELECT * FROM `users` WHERE (`users`.`id` = 1) LIMIT 1[0m
** TwitterAuth initialized properly.
  [4;36;1mSQL (0.2ms)[0m   [0;1mSET NAMES 'utf8'[0m
  [4;35;1mSQL (0.1ms)[0m   [0mSET SQL_AUTO_IS_NULL=0[0m


Processing TweetsController#index (for 127.0.0.1 at 2010-06-12 21:19:45) [GET]
  Parameters: {"end"=>"2010-5-11", "start"=>"2010-5-10"}
  [4;36;1mUser Columns (3.2ms)[0m   [0;1mSHOW FIELDS FROM `users`[0m
  [4;35;1mUser Load (0.3ms)[0m   [0mSELECT * FROM `users` WHERE (`users`.`id` = 1) LIMIT 1[0m
** TwitterAuth initialized properly.
  [4;36;1mSQL (0.3ms)[0m   [0;1mSET NAMES 'utf8'[0m
  [4;35;1mSQL (0.1ms)[0m   [0mSET SQL_AUTO_IS_NULL=0[0m


Processing TweetsController#index (for 127.0.0.1 at 2010-06-12 21:21:27) [GET]
  Parameters: {"end"=>"2010-5-11", "start"=>"2010-5-10"}
  [4;36;1mUser Columns (3.3ms)[0m   [0;1mSHOW FIELDS FROM `users`[0m
  [4;35;1mUser Load (0.2ms)[0m   [0mSELECT * FROM `users` WHERE (`users`.`id` = 1) LIMIT 1[0m
** TwitterAuth initialized properly.
  [4;36;1mSQL (0.2ms)[0m   [0;1mSET NAMES 'utf8'[0m
  [4;35;1mSQL (0.1ms)[0m   [0mSET SQL_AUTO_IS_NULL=0[0m


Processing TweetsController#index (for 127.0.0.1 at 2010-06-12 21:22:33) [GET]
  Parameters: {"end"=>"2010-5-11", "start"=>"2010-5-10"}
  [4;36;1mUser Columns (3.2ms)[0m   [0;1mSHOW FIELDS FROM `users`[0m
  [4;35;1mUser Load (0.2ms)[0m   [0mSELECT * FROM `users` WHERE (`users`.`id` = 1) LIMIT 1[0m
Rendering tweets/index
Completed in 13703ms (View: 61, DB: 4) | 200 OK [http://localhost/tweets?start=2010-5-10&end=2010-5-11]
  [4;36;1mSQL (0.2ms)[0m   [0;1mSET NAMES 'utf8'[0m
  [4;35;1mSQL (0.1ms)[0m   [0mSET SQL_AUTO_IS_NULL=0[0m


Processing TweetsController#index (for 127.0.0.1 at 2010-06-12 21:23:32) [GET]
  Parameters: {"end"=>"2010-6-11", "start"=>"2010-6-10"}
  [4;36;1mUser Columns (3.4ms)[0m   [0;1mSHOW FIELDS FROM `users`[0m
  [4;35;1mUser Load (0.2ms)[0m   [0mSELECT * FROM `users` WHERE (`users`.`id` = 1) LIMIT 1[0m
Rendering tweets/index
Completed in 10224ms (View: 6, DB: 4) | 200 OK [http://localhost/tweets?start=2010-6-10&end=2010-6-11]
** TwitterAuth initialized properly.
  [4;36;1mSQL (0.2ms)[0m   [0;1mSET NAMES 'utf8'[0m
  [4;35;1mSQL (0.2ms)[0m   [0mSET SQL_AUTO_IS_NULL=0[0m


Processing TweetsController#index (for 127.0.0.1 at 2010-06-12 21:25:50) [GET]
  Parameters: {"end"=>"2010-6-11", "start"=>"2010-6-10"}
  [4;36;1mUser Columns (3.3ms)[0m   [0;1mSHOW FIELDS FROM `users`[0m
  [4;35;1mUser Load (0.2ms)[0m   [0mSELECT * FROM `users` WHERE (`users`.`id` = 1) LIMIT 1[0m
Rendering tweets/index
Completed in 10599ms (View: 16, DB: 4) | 200 OK [http://localhost/tweets?start=2010-6-10&end=2010-6-11]
  [4;36;1mSQL (0.1ms)[0m   [0;1mSET NAMES 'utf8'[0m
  [4;35;1mSQL (0.1ms)[0m   [0mSET SQL_AUTO_IS_NULL=0[0m


Processing TweetsController#index (for 127.0.0.1 at 2010-06-12 21:27:43) [GET]
  Parameters: {"end"=>"2010-6-11", "start"=>"2010-6-10"}
  [4;36;1mUser Columns (3.1ms)[0m   [0;1mSHOW FIELDS FROM `users`[0m
  [4;35;1mUser Load (0.2ms)[0m   [0mSELECT * FROM `users` WHERE (`users`.`id` = 1) LIMIT 1[0m
Rendering tweets/index
Completed in 9553ms (View: 7, DB: 4) | 200 OK [http://localhost/tweets?start=2010-6-10&end=2010-6-11]
  [4;36;1mSQL (0.3ms)[0m   [0;1mSET NAMES 'utf8'[0m
  [4;35;1mSQL (0.1ms)[0m   [0mSET SQL_AUTO_IS_NULL=0[0m


Processing TweetsController#index (for 127.0.0.1 at 2010-06-12 21:41:00) [GET]
  Parameters: {"end"=>"2010-6-11", "start"=>"2010-6-10"}
  [4;36;1mUser Columns (3.5ms)[0m   [0;1mSHOW FIELDS FROM `users`[0m
  [4;35;1mUser Load (1.6ms)[0m   [0mSELECT * FROM `users` WHERE (`users`.`id` = 1) LIMIT 1[0m
Completed in 14665ms (View: 403, DB: 6) | 200 OK [http://localhost/tweets?start=2010-6-10&end=2010-6-11]
  [4;36;1mSQL (0.1ms)[0m   [0;1mSET NAMES 'utf8'[0m
  [4;35;1mSQL (0.1ms)[0m   [0mSET SQL_AUTO_IS_NULL=0[0m


Processing TweetsController#index (for 127.0.0.1 at 2010-06-12 21:41:51) [GET]
  Parameters: {"end"=>"2010-6-11", "start"=>"2010-6-10"}
  [4;36;1mUser Columns (3.5ms)[0m   [0;1mSHOW FIELDS FROM `users`[0m
  [4;35;1mUser Load (0.2ms)[0m   [0mSELECT * FROM `users` WHERE (`users`.`id` = 1) LIMIT 1[0m
Completed in 13727ms (View: 395, DB: 4) | 200 OK [http://localhost/tweets?start=2010-6-10&end=2010-6-11]
  [4;36;1mSQL (0.3ms)[0m   [0;1mSET NAMES 'utf8'[0m
  [4;35;1mSQL (0.1ms)[0m   [0mSET SQL_AUTO_IS_NULL=0[0m


Processing TweetsController#index (for 127.0.0.1 at 2010-06-12 21:46:04) [GET]
  Parameters: {"end"=>"2010-6-11", "start"=>"2010-6-10 18:00", "remember_token"=>"e355f1e11712bc663d17"}
  [4;36;1mUser Columns (3.0ms)[0m   [0;1mSHOW FIELDS FROM `users`[0m
  [4;35;1mUser Load (12.4ms)[0m   [0mSELECT * FROM `users` WHERE (remember_token = 'e355f1e11712bc663d17' AND remember_token_expires_at > '2010-06-12 21:46:04') LIMIT 1[0m
Completed in 9706ms (View: 67, DB: 16) | 200 OK [http://localhost/tweets?start=2010-6-10%2018:00&end=2010-6-11&remember_token=e355f1e11712bc663d17]
